<?xml version="1.0" encoding="UTF-8"?>
<testsuite xmlns:xsi="http://www.w3.org/2001/XMLSchema-instance" xsi:noNamespaceSchemaLocation="https://maven.apache.org/surefire/maven-surefire-plugin/xsd/surefire-test-report.xsd" version="3.0.2" name="morphosReflectorTest.MorphosReflectorMySQLTest" time="42.984" tests="4" errors="0" skipped="0" failures="0">
  <properties>
[...]
</properties>
  <testcase name="testUsersSchema(RunningEnvironment)[1]" classname="morphosReflectorTest.MorphosReflectorMySQLTest" time="0.013">
    <system-err><![CDATA[[main] INFO legolas.provided.infra.LegolasExtension - Starting Legolas global test environment...
[legolas-global-thread] INFO legolas.runtime.core.interfaces.LifecycleEnvironment - Running starters...
[legolas-global-thread] INFO org.testcontainers.images.PullPolicy - Image pull policy will be performed by: DefaultPullPolicy()
[legolas-global-thread] INFO org.testcontainers.utility.ImageNameSubstitutor - Image name substitution will be performed by: DefaultImageNameSubstitutor (composite of 'ConfigurationFileImageNameSubstitutor' and 'PrefixingImageNameSubstitutor')
[legolas-global-thread] INFO legolas.runtime.core.interfaces.StarterRunner - My SQL Container initializing
[legolas-global-thread] INFO org.testcontainers.DockerClientFactory - Testcontainers version: 1.21.3
[legolas-global-thread] INFO org.testcontainers.dockerclient.DockerClientProviderStrategy - Loaded org.testcontainers.dockerclient.UnixSocketClientProviderStrategy from ~/.testcontainers.properties, will try it first
[legolas-global-thread] INFO org.testcontainers.dockerclient.DockerClientProviderStrategy - Found Docker environment with local Unix socket (unix:///var/run/docker.sock)
[legolas-global-thread] INFO org.testcontainers.DockerClientFactory - Docker host IP address is localhost
[legolas-global-thread] INFO org.testcontainers.DockerClientFactory - Connected to docker: 
  Server Version: 28.1.1
  API Version: 1.49
  Operating System: Ubuntu 20.04.6 LTS
  Total Memory: 29497 MB
[legolas-global-thread] INFO org.testcontainers.DockerClientFactory - Checking the system...
[legolas-global-thread] INFO org.testcontainers.DockerClientFactory - ✔︎ Docker server version should be at least 1.6.0
[legolas-global-thread] INFO tc.mysql:8.0.36 - Creating container for image: mysql:8.0.36
[legolas-global-thread] INFO org.testcontainers.utility.RegistryAuthLocator - Failure when attempting to lookup auth config. Please ignore if you don't have images in an authenticated registry. Details: (dockerImageName: mysql:8.0.36, configFile: /home/braz/.docker/config.json, configEnv: DOCKER_AUTH_CONFIG). Falling back to docker-java default behaviour. Exception message: Status 404: No config supplied. Checked in order: /home/braz/.docker/config.json (file not found), DOCKER_AUTH_CONFIG (not set)
[legolas-global-thread] INFO tc.testcontainers/ryuk:0.12.0 - Creating container for image: testcontainers/ryuk:0.12.0
[legolas-global-thread] INFO tc.testcontainers/ryuk:0.12.0 - Container testcontainers/ryuk:0.12.0 is starting: 3c60c8a8be0335470dd804386e56619c732c0765f4a2712219b450de171667a2
[legolas-global-thread] INFO tc.testcontainers/ryuk:0.12.0 - Container testcontainers/ryuk:0.12.0 started in PT2.197347S
[legolas-global-thread] INFO tc.mysql:8.0.36 - Container mysql:8.0.36 is starting: ab5e05924ed7b96ce2120e05d8220db64d099db2f48db81ca6b9566d23fe3826
[legolas-global-thread] INFO tc.mysql:8.0.36 - Waiting for database connection to become available at jdbc:mysql://localhost:3306/test using query 'SELECT 1'
[docker-java-stream-1233067634] INFO legolas.docker.interfaces.DockerStarter - STDOUT: 2025-11-09 13:57:26+00:00 [Note] [Entrypoint]: Entrypoint script for MySQL Server 8.0.36-1.el8 started.
[docker-java-stream-1233067634] INFO legolas.docker.interfaces.DockerStarter - STDOUT: 2025-11-09 13:57:28+00:00 [Note] [Entrypoint]: Switching to dedicated user 'mysql'
[docker-java-stream-1233067634] INFO legolas.docker.interfaces.DockerStarter - STDOUT: 2025-11-09 13:57:29+00:00 [Note] [Entrypoint]: Entrypoint script for MySQL Server 8.0.36-1.el8 started.
[docker-java-stream-1233067634] INFO legolas.docker.interfaces.DockerStarter - STDOUT: 2025-11-09 13:57:29+00:00 [Note] [Entrypoint]: Initializing database files
[docker-java-stream-1233067634] INFO legolas.docker.interfaces.DockerStarter - STDERR: 2025-11-09T13:57:29.622585Z 0 [Warning] [MY-011068] [Server] The syntax '--skip-host-cache' is deprecated and will be removed in a future release. Please use SET GLOBAL host_cache_size=0 instead.
[docker-java-stream-1233067634] INFO legolas.docker.interfaces.DockerStarter - STDERR: 2025-11-09T13:57:29.643469Z 0 [System] [MY-013169] [Server] /usr/sbin/mysqld (mysqld 8.0.36) initializing of server in progress as process 80
[docker-java-stream-1233067634] INFO legolas.docker.interfaces.DockerStarter - STDERR: 2025-11-09T13:57:30.543457Z 0 [Warning] [MY-013907] [InnoDB] Deprecated configuration parameters innodb_log_file_size and/or innodb_log_files_in_group have been used to compute innodb_redo_log_capacity=10485760. Please use innodb_redo_log_capacity instead.
[docker-java-stream-1233067634] INFO legolas.docker.interfaces.DockerStarter - STDERR: 2025-11-09T13:57:30.839603Z 1 [System] [MY-013576] [InnoDB] InnoDB initialization has started.
[docker-java-stream-1233067634] INFO legolas.docker.interfaces.DockerStarter - STDERR: 2025-11-09T13:57:32.786929Z 1 [System] [MY-013577] [InnoDB] InnoDB initialization has ended.
[docker-java-stream-1233067634] INFO legolas.docker.interfaces.DockerStarter - STDERR: 2025-11-09T13:57:37.181452Z 6 [Warning] [MY-010453] [Server] root@localhost is created with an empty password ! Please consider switching off the --initialize-insecure option.
[docker-java-stream-1233067634] INFO legolas.docker.interfaces.DockerStarter - STDOUT: 2025-11-09 13:57:47+00:00 [Note] [Entrypoint]: Database files initialized
[docker-java-stream-1233067634] INFO legolas.docker.interfaces.DockerStarter - STDOUT: 2025-11-09 13:57:47+00:00 [Note] [Entrypoint]: Starting temporary server
[docker-java-stream-1233067634] INFO legolas.docker.interfaces.DockerStarter - STDERR: 2025-11-09T13:57:47.903247Z 0 [Warning] [MY-011068] [Server] The syntax '--skip-host-cache' is deprecated and will be removed in a future release. Please use SET GLOBAL host_cache_size=0 instead.
[docker-java-stream-1233067634] INFO legolas.docker.interfaces.DockerStarter - STDERR: 2025-11-09T13:57:47.920667Z 0 [System] [MY-010116] [Server] /usr/sbin/mysqld (mysqld 8.0.36) starting as process 124
[docker-java-stream-1233067634] INFO legolas.docker.interfaces.DockerStarter - STDERR: 2025-11-09T13:57:48.237400Z 0 [Warning] [MY-013907] [InnoDB] Deprecated configuration parameters innodb_log_file_size and/or innodb_log_files_in_group have been used to compute innodb_redo_log_capacity=10485760. Please use innodb_redo_log_capacity instead.
[docker-java-stream-1233067634] INFO legolas.docker.interfaces.DockerStarter - STDERR: 2025-11-09T13:57:48.241082Z 1 [System] [MY-013576] [InnoDB] InnoDB initialization has started.
[docker-java-stream-1233067634] INFO legolas.docker.interfaces.DockerStarter - STDERR: 2025-11-09T13:57:49.050533Z 1 [System] [MY-013577] [InnoDB] InnoDB initialization has ended.
[docker-java-stream-1233067634] INFO legolas.docker.interfaces.DockerStarter - STDERR: 2025-11-09T13:57:49.797560Z 0 [Warning] [MY-010068] [Server] CA certificate ca.pem is self signed.
[docker-java-stream-1233067634] INFO legolas.docker.interfaces.DockerStarter - STDERR: 2025-11-09T13:57:49.797595Z 0 [System] [MY-013602] [Server] Channel mysql_main configured to support TLS. Encrypted connections are now supported for this channel.
[docker-java-stream-1233067634] INFO legolas.docker.interfaces.DockerStarter - STDERR: 2025-11-09T13:57:49.802794Z 0 [Warning] [MY-011810] [Server] Insecure configuration for --pid-file: Location '/var/run/mysqld' in the path is accessible to all OS users. Consider choosing a different directory.
[docker-java-stream-1233067634] INFO legolas.docker.interfaces.DockerStarter - STDERR: 2025-11-09T13:57:49.863862Z 0 [System] [MY-011323] [Server] X Plugin ready for connections. Socket: /var/run/mysqld/mysqlx.sock
[docker-java-stream-1233067634] INFO legolas.docker.interfaces.DockerStarter - STDERR: 2025-11-09T13:57:49.863930Z 0 [System] [MY-010931] [Server] /usr/sbin/mysqld: ready for connections. Version: '8.0.36'  socket: '/var/run/mysqld/mysqld.sock'  port: 0  MySQL Community Server - GPL.
[docker-java-stream-1233067634] INFO legolas.docker.interfaces.DockerStarter - STDOUT: 2025-11-09 13:57:49+00:00 [Note] [Entrypoint]: Temporary server started.
[docker-java-stream-1233067634] INFO legolas.docker.interfaces.DockerStarter - STDOUT: '/var/lib/mysql/mysql.sock' -> '/var/run/mysqld/mysqld.sock'
[docker-java-stream-1233067634] INFO legolas.docker.interfaces.DockerStarter - STDERR: Warning: Unable to load '/usr/share/zoneinfo/iso3166.tab' as time zone. Skipping it.
[docker-java-stream-1233067634] INFO legolas.docker.interfaces.DockerStarter - STDERR: Warning: Unable to load '/usr/share/zoneinfo/leap-seconds.list' as time zone. Skipping it.
[docker-java-stream-1233067634] INFO legolas.docker.interfaces.DockerStarter - STDERR: Warning: Unable to load '/usr/share/zoneinfo/leapseconds' as time zone. Skipping it.
[docker-java-stream-1233067634] INFO legolas.docker.interfaces.DockerStarter - STDERR: Warning: Unable to load '/usr/share/zoneinfo/tzdata.zi' as time zone. Skipping it.
[docker-java-stream-1233067634] INFO legolas.docker.interfaces.DockerStarter - STDERR: Warning: Unable to load '/usr/share/zoneinfo/zone.tab' as time zone. Skipping it.
[docker-java-stream-1233067634] INFO legolas.docker.interfaces.DockerStarter - STDERR: Warning: Unable to load '/usr/share/zoneinfo/zone1970.tab' as time zone. Skipping it.
[docker-java-stream-1233067634] INFO legolas.docker.interfaces.DockerStarter - STDOUT: 2025-11-09 13:57:55+00:00 [Note] [Entrypoint]: Creating database test
[docker-java-stream-1233067634] INFO legolas.docker.interfaces.DockerStarter - STDOUT: 2025-11-09 13:57:55+00:00 [Note] [Entrypoint]: Creating user test
[docker-java-stream-1233067634] INFO legolas.docker.interfaces.DockerStarter - STDOUT: 2025-11-09 13:57:55+00:00 [Note] [Entrypoint]: Giving user test access to schema test
[docker-java-stream-1233067634] INFO legolas.docker.interfaces.DockerStarter - STDOUT: 
[docker-java-stream-1233067634] INFO legolas.docker.interfaces.DockerStarter - STDOUT: 2025-11-09 13:57:55+00:00 [Note] [Entrypoint]: Stopping temporary server
[docker-java-stream-1233067634] INFO legolas.docker.interfaces.DockerStarter - STDERR: 2025-11-09T13:57:55.922504Z 13 [System] [MY-013172] [Server] Received SHUTDOWN from user root. Shutting down mysqld (Version: 8.0.36).
[docker-java-stream-1233067634] INFO legolas.docker.interfaces.DockerStarter - STDERR: 2025-11-09T13:57:57.885542Z 0 [System] [MY-010910] [Server] /usr/sbin/mysqld: Shutdown complete (mysqld 8.0.36)  MySQL Community Server - GPL.
[docker-java-stream-1233067634] INFO legolas.docker.interfaces.DockerStarter - STDOUT: 2025-11-09 13:57:57+00:00 [Note] [Entrypoint]: Temporary server stopped
[docker-java-stream-1233067634] INFO legolas.docker.interfaces.DockerStarter - STDOUT: 
[docker-java-stream-1233067634] INFO legolas.docker.interfaces.DockerStarter - STDOUT: 2025-11-09 13:57:57+00:00 [Note] [Entrypoint]: MySQL init process done. Ready for start up.
[docker-java-stream-1233067634] INFO legolas.docker.interfaces.DockerStarter - STDOUT: 
[docker-java-stream-1233067634] INFO legolas.docker.interfaces.DockerStarter - STDERR: 2025-11-09T13:57:58.129461Z 0 [Warning] [MY-011068] [Server] The syntax '--skip-host-cache' is deprecated and will be removed in a future release. Please use SET GLOBAL host_cache_size=0 instead.
[docker-java-stream-1233067634] INFO legolas.docker.interfaces.DockerStarter - STDERR: 2025-11-09T13:57:58.130597Z 0 [System] [MY-010116] [Server] /usr/sbin/mysqld (mysqld 8.0.36) starting as process 1
[docker-java-stream-1233067634] INFO legolas.docker.interfaces.DockerStarter - STDERR: 2025-11-09T13:57:58.137163Z 0 [Warning] [MY-013907] [InnoDB] Deprecated configuration parameters innodb_log_file_size and/or innodb_log_files_in_group have been used to compute innodb_redo_log_capacity=10485760. Please use innodb_redo_log_capacity instead.
[docker-java-stream-1233067634] INFO legolas.docker.interfaces.DockerStarter - STDERR: 2025-11-09T13:57:58.139553Z 1 [System] [MY-013576] [InnoDB] InnoDB initialization has started.
[docker-java-stream-1233067634] INFO legolas.docker.interfaces.DockerStarter - STDERR: 2025-11-09T13:57:58.386795Z 1 [System] [MY-013577] [InnoDB] InnoDB initialization has ended.
[docker-java-stream-1233067634] INFO legolas.docker.interfaces.DockerStarter - STDERR: 2025-11-09T13:57:58.773275Z 0 [Warning] [MY-010068] [Server] CA certificate ca.pem is self signed.
[docker-java-stream-1233067634] INFO legolas.docker.interfaces.DockerStarter - STDERR: 2025-11-09T13:57:58.773332Z 0 [System] [MY-013602] [Server] Channel mysql_main configured to support TLS. Encrypted connections are now supported for this channel.
[docker-java-stream-1233067634] INFO legolas.docker.interfaces.DockerStarter - STDERR: 2025-11-09T13:57:58.778986Z 0 [Warning] [MY-011810] [Server] Insecure configuration for --pid-file: Location '/var/run/mysqld' in the path is accessible to all OS users. Consider choosing a different directory.
[docker-java-stream-1233067634] INFO legolas.docker.interfaces.DockerStarter - STDERR: 2025-11-09T13:57:58.818123Z 0 [System] [MY-010931] [Server] /usr/sbin/mysqld: ready for connections. Version: '8.0.36'  socket: '/var/run/mysqld/mysqld.sock'  port: 3306  MySQL Community Server - GPL.
[docker-java-stream-1233067634] INFO legolas.docker.interfaces.DockerStarter - STDERR: 2025-11-09T13:57:58.818209Z 0 [System] [MY-011323] [Server] X Plugin ready for connections. Bind-address: '::' port: 33060, socket: /var/run/mysqld/mysqlx.sock
[legolas-global-thread] INFO tc.mysql:8.0.36 - Container mysql:8.0.36 started in PT37.438S
[legolas-global-thread] INFO tc.mysql:8.0.36 - Container is started (JDBC URL: jdbc:mysql://localhost:3306/test)
[legolas-global-thread] INFO legolas.runtime.core.interfaces.LifecycleEnvironment - Running bootstrapers...
[legolas-global-thread] INFO legolas.runtime.core.interfaces.LifecycleEnvironment - Running migrations...
[legolas-global-thread] INFO legolas.runtime.core.interfaces.MigrationRunner - Running migration migration.mysql
[legolas-global-thread] INFO migrami.sql.interfaces.MigramiSQLExecutor - Applying migration file V001_Create_Tables.sql
[main] INFO spectra.interfaces.Spectra - Revealing spectrum  for band USERS
[main] INFO morphos.test.MorphosSpectrum - Actual column id type CHAR. Trying to validate over [UUID, CHAR]
[main] INFO morphos.test.MorphosSpectrum - Actual column username type VARCHAR. Trying to validate over [VARCHAR, NVARCHAR]
[main] INFO morphos.test.MorphosSpectrum - Actual column email type VARCHAR. Trying to validate over [VARCHAR, NVARCHAR]
[main] INFO morphos.test.MorphosSpectrum - Actual column created_at type TIMESTAMP. Trying to validate over [TIMESTAMP, TIMESTAMP_WITH_TIMEZONE]
[main] INFO morphos.test.MorphosSpectrum - Actual column updated_at type TIMESTAMP. Trying to validate over [TIMESTAMP, TIMESTAMP_WITH_TIMEZONE]
[main] INFO morphos.test.MorphosSpectrum - Actual column active type BIT. Trying to validate over [BOOLEAN, BIT]
[main] INFO morphos.test.MorphosSpectrum - Actual column id type BIGINT. Trying to validate over [BIGINT]
[main] INFO morphos.test.MorphosSpectrum - Actual column name type VARCHAR. Trying to validate over [VARCHAR, NVARCHAR]
[main] INFO morphos.test.MorphosSpectrum - Actual column description type LONGVARCHAR. Trying to validate over [VARCHAR, NVARCHAR, LONGVARCHAR]
[main] INFO morphos.test.MorphosSpectrum - Actual column role_id type BIGINT. Trying to validate over [BIGINT]
[main] INFO morphos.test.MorphosSpectrum - Actual column user_id type CHAR. Trying to validate over [UUID, CHAR]
[main] INFO morphos.test.MorphosSpectrum - Actual column role_id type BIGINT. Trying to validate over [BIGINT]
[main] INFO morphos.test.MorphosSpectrum - Actual column user_id type CHAR. Trying to validate over [UUID, CHAR]
[main] INFO morphos.test.MorphosSpectrum - Actual column assigned_at type TIMESTAMP. Trying to validate over [TIMESTAMP_WITH_TIMEZONE, TIMESTAMP]
]]></system-err>
  </testcase>
  <testcase name="testAuditSchema(RunningEnvironment)[1]" classname="morphosReflectorTest.MorphosReflectorMySQLTest" time="0.004">
    <system-err><![CDATA[[main] INFO spectra.interfaces.Spectra - Revealing spectrum  for band AUDIT
[main] INFO morphos.test.MorphosSpectrum - Actual column id type BIGINT. Trying to validate over [BIGINT]
[main] INFO morphos.test.MorphosSpectrum - Actual column table_name type VARCHAR. Trying to validate over [VARCHAR, NVARCHAR]
[main] INFO morphos.test.MorphosSpectrum - Actual column record_id type VARCHAR. Trying to validate over [BIGINT, VARCHAR, NVARCHAR]
[main] INFO morphos.test.MorphosSpectrum - Actual column operation type CHAR. Trying to validate over [CHAR, VARCHAR, NVARCHAR]
[main] INFO morphos.test.MorphosSpectrum - Actual column changed_at type TIMESTAMP. Trying to validate over [TIMESTAMP]
[main] INFO morphos.test.MorphosSpectrum - Actual column changed_by type VARCHAR. Trying to validate over [VARCHAR, NVARCHAR]
]]></system-err>
  </testcase>
  <testcase name="testSalesSchema(RunningEnvironment)[1]" classname="morphosReflectorTest.MorphosReflectorMySQLTest" time="0.004">
    <system-err><![CDATA[[main] INFO spectra.interfaces.Spectra - Revealing spectrum  for band SALES
[main] INFO morphos.test.MorphosSpectrum - Actual column id type BIGINT. Trying to validate over [BIGINT]
[main] INFO morphos.test.MorphosSpectrum - Actual column full_name type VARCHAR. Trying to validate over [NVARCHAR, VARCHAR]
[main] INFO morphos.test.MorphosSpectrum - Actual column document_number type VARCHAR. Trying to validate over [NVARCHAR, VARCHAR]
[main] INFO morphos.test.MorphosSpectrum - Actual column email type VARCHAR. Trying to validate over [NVARCHAR, VARCHAR]
[main] INFO morphos.test.MorphosSpectrum - Actual column registered_at type TIMESTAMP. Trying to validate over [TIMESTAMP]
[main] INFO morphos.test.MorphosSpectrum - Actual column id type BIGINT. Trying to validate over [BIGINT]
[main] INFO morphos.test.MorphosSpectrum - Actual column name type VARCHAR. Trying to validate over [NVARCHAR, VARCHAR]
[main] INFO morphos.test.MorphosSpectrum - Actual column price type DECIMAL. Trying to validate over [DECIMAL, NUMERIC]
[main] INFO morphos.test.MorphosSpectrum - Actual column stock type INTEGER. Trying to validate over [NUMERIC, INTEGER]
[main] INFO morphos.test.MorphosSpectrum - Actual column category type VARCHAR. Trying to validate over [VARCHAR, NVARCHAR]
[main] INFO morphos.test.MorphosSpectrum - Actual column id type BIGINT. Trying to validate over [BIGINT]
[main] INFO morphos.test.MorphosSpectrum - Actual column customer_id type BIGINT. Trying to validate over [BIGINT]
[main] INFO morphos.test.MorphosSpectrum - Actual column created_at type TIMESTAMP. Trying to validate over [TIMESTAMP]
[main] INFO morphos.test.MorphosSpectrum - Actual column status type VARCHAR. Trying to validate over [NVARCHAR, VARCHAR]
[main] INFO morphos.test.MorphosSpectrum - Actual column total_amount type DECIMAL. Trying to validate over [NUMERIC, DECIMAL]
[main] INFO morphos.test.MorphosSpectrum - Actual column order_id type BIGINT. Trying to validate over [BIGINT, INTEGER]
[main] INFO morphos.test.MorphosSpectrum - Actual column order_id type BIGINT. Trying to validate over [BIGINT, INTEGER]
[main] INFO morphos.test.MorphosSpectrum - Actual column product_id type BIGINT. Trying to validate over [BIGINT, INTEGER]
[main] INFO morphos.test.MorphosSpectrum - Actual column product_id type BIGINT. Trying to validate over [BIGINT, INTEGER]
[main] INFO morphos.test.MorphosSpectrum - Actual column quantity type INTEGER. Trying to validate over [INTEGER]
[main] INFO morphos.test.MorphosSpectrum - Actual column price type DECIMAL. Trying to validate over [NUMERIC, DECIMAL]
]]></system-err>
  </testcase>
  <testcase name="testDemoSchema(RunningEnvironment)[1]" classname="morphosReflectorTest.MorphosReflectorMySQLTest" time="0.006">
    <system-err><![CDATA[[main] INFO spectra.interfaces.Spectra - Revealing spectrum  for band DEMO
[main] INFO morphos.test.MorphosSpectrum - Actual column id type BIGINT. Trying to validate over [BIGINT]
[main] INFO morphos.test.MorphosSpectrum - Actual column small_id type SMALLINT. Trying to validate over [SMALLINT]
[main] INFO morphos.test.MorphosSpectrum - Actual column regular_id type INTEGER. Trying to validate over [INTEGER]
[main] INFO morphos.test.MorphosSpectrum - Actual column notes type CHAR. Trying to validate over [NCHAR, CHAR]
[main] INFO morphos.test.MorphosSpectrum - Actual column code type VARCHAR. Trying to validate over [NVARCHAR, VARCHAR]
[main] INFO morphos.test.MorphosSpectrum - Actual column amount type DECIMAL. Trying to validate over [NUMERIC, DECIMAL]
[main] INFO morphos.test.MorphosSpectrum - Actual column price type DECIMAL. Trying to validate over [DECIMAL, NUMERIC, DOUBLE]
[main] INFO morphos.test.MorphosSpectrum - Actual column ratio type REAL. Trying to validate over [REAL]
[main] INFO morphos.test.MorphosSpectrum - Actual column precision_value type DOUBLE. Trying to validate over [DOUBLE]
[main] INFO morphos.test.MorphosSpectrum - Actual column active type BIT. Trying to validate over [BIT, BOOLEAN]
[main] INFO morphos.test.MorphosSpectrum - Actual column bitmask type BIT. Trying to validate over [BIT, BINARY]
[main] INFO morphos.test.MorphosSpectrum - Actual column binary_data type LONGVARBINARY. Trying to validate over [BLOB, LONGVARBINARY, BINARY, VARBINARY]
[main] INFO morphos.test.MorphosSpectrum - Actual column created_at type TIMESTAMP. Trying to validate over [TIMESTAMP]
[main] INFO morphos.test.MorphosSpectrum - Actual column updated_at type TIMESTAMP. Trying to validate over [TIMESTAMP_WITH_TIMEZONE, TIMESTAMP]
[main] INFO morphos.test.MorphosSpectrum - Actual column birth_date type DATE. Trying to validate over [DATE]
[main] INFO morphos.test.MorphosSpectrum - Actual column wake_time type TIME. Trying to validate over [TIME]
[main] INFO morphos.test.MorphosSpectrum - Actual column wake_time_tz type TIME. Trying to validate over [TIME_WITH_TIMEZONE, TIME, TIMESTAMP]
[main] INFO morphos.test.MorphosSpectrum - Actual column interval_field type VARCHAR. Trying to validate over [INTERVAL, NVARCHAR, VARCHAR]
[main] INFO morphos.test.MorphosSpectrum - Actual column user_uuid type CHAR. Trying to validate over [UUID, CHAR]
[main] INFO morphos.test.MorphosSpectrum - Actual column metadata type LONGVARCHAR. Trying to validate over [JSON, LONGVARCHAR, NVARCHAR]
[main] INFO morphos.test.MorphosSpectrum - Actual column preferences type LONGVARCHAR. Trying to validate over [JSON, LONGVARCHAR, NVARCHAR]
[main] INFO morphos.test.MorphosSpectrum - Actual column tags type LONGVARCHAR. Trying to validate over [ARRAY, LONGVARCHAR, NVARCHAR]
[main] INFO morphos.test.MorphosSpectrum - Actual column ip_address type VARCHAR. Trying to validate over [INET, NVARCHAR, VARCHAR]
[main] INFO morphos.test.MorphosSpectrum - Actual column network_range type VARCHAR. Trying to validate over [CIDR, NVARCHAR, VARCHAR]
[main] INFO morphos.test.MorphosSpectrum - Actual column mac_address type VARCHAR. Trying to validate over [MACADDR, NVARCHAR, VARCHAR]
[main] INFO morphos.test.MorphosSpectrum - Actual column xml_data type LONGVARCHAR. Trying to validate over [XML, LONGVARCHAR, LONG_NVARCHAR]
[main] INFO morphos.test.MorphosSpectrum - Actual column status type CHAR. Trying to validate over [ENUM, CHAR, NVARCHAR, VARCHAR]
[main] INFO morphos.test.MorphosSpectrum - Actual column score type INTEGER. Trying to validate over [INTEGER]
[main] INFO morphos.test.MorphosSpectrum - Actual column country_code type CHAR. Trying to validate over [NCHAR, CHAR]
]]></system-err>
  </testcase>
</testsuite>