<?xml version="1.0" encoding="UTF-8"?>
<testsuite xmlns:xsi="http://www.w3.org/2001/XMLSchema-instance" xsi:noNamespaceSchemaLocation="https://maven.apache.org/surefire/maven-surefire-plugin/xsd/surefire-test-report.xsd" version="3.0.2" name="morphosReflectorTest.MorphosReflectorPostgresTest" time="16.318" tests="4" errors="0" skipped="0" failures="0">
  <properties>
[...]
</properties>
  <testcase name="testUsersSchema(RunningEnvironment)[1]" classname="morphosReflectorTest.MorphosReflectorPostgresTest" time="0.016">
    <system-err><![CDATA[[main] INFO legolas.provided.infra.LegolasExtension - Starting Legolas global test environment...
[legolas-global-thread] INFO legolas.runtime.core.interfaces.LifecycleEnvironment - Running starters...
[legolas-global-thread] INFO org.testcontainers.images.PullPolicy - Image pull policy will be performed by: DefaultPullPolicy()
[legolas-global-thread] INFO org.testcontainers.utility.ImageNameSubstitutor - Image name substitution will be performed by: DefaultImageNameSubstitutor (composite of 'ConfigurationFileImageNameSubstitutor' and 'PrefixingImageNameSubstitutor')
[legolas-global-thread] INFO legolas.runtime.core.interfaces.StarterRunner - PostgreSQL Container initializing
[legolas-global-thread] INFO org.testcontainers.DockerClientFactory - Testcontainers version: 1.21.3
[legolas-global-thread] INFO org.testcontainers.dockerclient.DockerClientProviderStrategy - Loaded org.testcontainers.dockerclient.UnixSocketClientProviderStrategy from ~/.testcontainers.properties, will try it first
[legolas-global-thread] INFO org.testcontainers.dockerclient.DockerClientProviderStrategy - Found Docker environment with local Unix socket (unix:///var/run/docker.sock)
[legolas-global-thread] INFO org.testcontainers.DockerClientFactory - Docker host IP address is localhost
[legolas-global-thread] INFO org.testcontainers.DockerClientFactory - Connected to docker: 
  Server Version: 28.1.1
  API Version: 1.49
  Operating System: Ubuntu 20.04.6 LTS
  Total Memory: 29497 MB
[legolas-global-thread] INFO org.testcontainers.DockerClientFactory - Checking the system...
[legolas-global-thread] INFO org.testcontainers.DockerClientFactory - ✔︎ Docker server version should be at least 1.6.0
[legolas-global-thread] INFO tc.postgres:9.6.12 - Creating container for image: postgres:9.6.12
[legolas-global-thread] INFO org.testcontainers.utility.RegistryAuthLocator - Failure when attempting to lookup auth config. Please ignore if you don't have images in an authenticated registry. Details: (dockerImageName: postgres:9.6.12, configFile: /home/braz/.docker/config.json, configEnv: DOCKER_AUTH_CONFIG). Falling back to docker-java default behaviour. Exception message: Status 404: No config supplied. Checked in order: /home/braz/.docker/config.json (file not found), DOCKER_AUTH_CONFIG (not set)
[legolas-global-thread] INFO tc.testcontainers/ryuk:0.12.0 - Creating container for image: testcontainers/ryuk:0.12.0
[legolas-global-thread] INFO tc.testcontainers/ryuk:0.12.0 - Container testcontainers/ryuk:0.12.0 is starting: 36d6d865508372f7bab4f1917036b1120f67c51276aa68c0008d4fabfe712646
[legolas-global-thread] INFO tc.testcontainers/ryuk:0.12.0 - Container testcontainers/ryuk:0.12.0 started in PT1.10888S
[legolas-global-thread] INFO tc.postgres:9.6.12 - Container postgres:9.6.12 is starting: 877c4aa25f637514de4ba7efa0df45ae06b6637078bc9ac0a8ebf09555b5a266
[docker-java-stream-1063386478] INFO legolas.docker.interfaces.DockerStarter - STDOUT: The files belonging to this database system will be owned by user "postgres".
[docker-java-stream-1063386478] INFO legolas.docker.interfaces.DockerStarter - STDOUT: This user must also own the server process.
[docker-java-stream-1063386478] INFO legolas.docker.interfaces.DockerStarter - STDOUT: 
[docker-java-stream-1063386478] INFO legolas.docker.interfaces.DockerStarter - STDOUT: The database cluster will be initialized with locale "en_US.utf8".
[docker-java-stream-1063386478] INFO legolas.docker.interfaces.DockerStarter - STDOUT: The default database encoding has accordingly been set to "UTF8".
[docker-java-stream-1063386478] INFO legolas.docker.interfaces.DockerStarter - STDOUT: The default text search configuration will be set to "english".
[docker-java-stream-1063386478] INFO legolas.docker.interfaces.DockerStarter - STDOUT: 
[docker-java-stream-1063386478] INFO legolas.docker.interfaces.DockerStarter - STDOUT: Data page checksums are disabled.
[docker-java-stream-1063386478] INFO legolas.docker.interfaces.DockerStarter - STDOUT: 
[docker-java-stream-1063386478] INFO legolas.docker.interfaces.DockerStarter - STDOUT: fixing permissions on existing directory /var/lib/postgresql/data ... ok
[docker-java-stream-1063386478] INFO legolas.docker.interfaces.DockerStarter - STDOUT: creating subdirectories ... ok
[docker-java-stream-1063386478] INFO legolas.docker.interfaces.DockerStarter - STDOUT: selecting default max_connections ... 100
[docker-java-stream-1063386478] INFO legolas.docker.interfaces.DockerStarter - STDOUT: selecting default shared_buffers ... 128MB
[docker-java-stream-1063386478] INFO legolas.docker.interfaces.DockerStarter - STDOUT: selecting dynamic shared memory implementation ... posix
[docker-java-stream-1063386478] INFO legolas.docker.interfaces.DockerStarter - STDOUT: creating configuration files ... ok
[docker-java-stream-1063386478] INFO legolas.docker.interfaces.DockerStarter - STDOUT: running bootstrap script ... ok
[docker-java-stream-1063386478] INFO legolas.docker.interfaces.DockerStarter - STDOUT: performing post-bootstrap initialization ... ok
[docker-java-stream-1063386478] INFO legolas.docker.interfaces.DockerStarter - STDOUT: syncing data to disk ... ok
[docker-java-stream-1063386478] INFO legolas.docker.interfaces.DockerStarter - STDOUT: 
[docker-java-stream-1063386478] INFO legolas.docker.interfaces.DockerStarter - STDOUT: Success. You can now start the database server using:
[docker-java-stream-1063386478] INFO legolas.docker.interfaces.DockerStarter - STDOUT: 
[docker-java-stream-1063386478] INFO legolas.docker.interfaces.DockerStarter - STDOUT:     pg_ctl -D /var/lib/postgresql/data -l logfile start
[docker-java-stream-1063386478] INFO legolas.docker.interfaces.DockerStarter - STDOUT: 
[docker-java-stream-1063386478] INFO legolas.docker.interfaces.DockerStarter - STDERR: 
[docker-java-stream-1063386478] INFO legolas.docker.interfaces.DockerStarter - STDERR: WARNING: enabling "trust" authentication for local connections
[docker-java-stream-1063386478] INFO legolas.docker.interfaces.DockerStarter - STDERR: You can change this by editing pg_hba.conf or using the option -A, or
[docker-java-stream-1063386478] INFO legolas.docker.interfaces.DockerStarter - STDERR: --auth-local and --auth-host, the next time you run initdb.
[docker-java-stream-1063386478] INFO legolas.docker.interfaces.DockerStarter - STDOUT: waiting for server to start....LOG:  database system was shut down at 2025-11-09 13:58:15 UTC
[docker-java-stream-1063386478] INFO legolas.docker.interfaces.DockerStarter - STDOUT: LOG:  MultiXact member wraparound protections are now enabled
[docker-java-stream-1063386478] INFO legolas.docker.interfaces.DockerStarter - STDOUT: LOG:  autovacuum launcher started
[docker-java-stream-1063386478] INFO legolas.docker.interfaces.DockerStarter - STDOUT: LOG:  database system is ready to accept connections
[docker-java-stream-1063386478] INFO legolas.docker.interfaces.DockerStarter - STDOUT:  done
[docker-java-stream-1063386478] INFO legolas.docker.interfaces.DockerStarter - STDOUT: server started
[docker-java-stream-1063386478] INFO legolas.docker.interfaces.DockerStarter - STDOUT: CREATE DATABASE
[docker-java-stream-1063386478] INFO legolas.docker.interfaces.DockerStarter - STDOUT: 
[docker-java-stream-1063386478] INFO legolas.docker.interfaces.DockerStarter - STDOUT: 
[docker-java-stream-1063386478] INFO legolas.docker.interfaces.DockerStarter - STDOUT: /usr/local/bin/docker-entrypoint.sh: ignoring /docker-entrypoint-initdb.d/*
[docker-java-stream-1063386478] INFO legolas.docker.interfaces.DockerStarter - STDOUT: 
[docker-java-stream-1063386478] INFO legolas.docker.interfaces.DockerStarter - STDOUT: waiting for server to shut down...LOG:  received fast shutdown request
[docker-java-stream-1063386478] INFO legolas.docker.interfaces.DockerStarter - STDOUT: .LOG:  aborting any active transactions
[docker-java-stream-1063386478] INFO legolas.docker.interfaces.DockerStarter - STDOUT: LOG:  autovacuum launcher shutting down
[docker-java-stream-1063386478] INFO legolas.docker.interfaces.DockerStarter - STDOUT: LOG:  shutting down
[docker-java-stream-1063386478] INFO legolas.docker.interfaces.DockerStarter - STDOUT: LOG:  database system is shut down
[docker-java-stream-1063386478] INFO legolas.docker.interfaces.DockerStarter - STDOUT:  done
[docker-java-stream-1063386478] INFO legolas.docker.interfaces.DockerStarter - STDOUT: server stopped
[docker-java-stream-1063386478] INFO legolas.docker.interfaces.DockerStarter - STDOUT: 
[docker-java-stream-1063386478] INFO legolas.docker.interfaces.DockerStarter - STDOUT: PostgreSQL init process complete; ready for start up.
[docker-java-stream-1063386478] INFO legolas.docker.interfaces.DockerStarter - STDOUT: 
[docker-java-stream-1063386478] INFO legolas.docker.interfaces.DockerStarter - STDERR: LOG:  database system was shut down at 2025-11-09 13:58:19 UTC
[docker-java-stream-1063386478] INFO legolas.docker.interfaces.DockerStarter - STDERR: LOG:  MultiXact member wraparound protections are now enabled
[docker-java-stream-1063386478] INFO legolas.docker.interfaces.DockerStarter - STDERR: LOG:  autovacuum launcher started
[docker-java-stream-1063386478] INFO legolas.docker.interfaces.DockerStarter - STDERR: LOG:  database system is ready to accept connections
[legolas-global-thread] INFO tc.postgres:9.6.12 - Container postgres:9.6.12 started in PT13.220326S
[legolas-global-thread] INFO tc.postgres:9.6.12 - Container is started (JDBC URL: jdbc:postgresql://localhost:5432/test?loggerLevel=OFF)
[legolas-global-thread] INFO legolas.runtime.core.interfaces.LifecycleEnvironment - Running bootstrapers...
[legolas-global-thread] INFO legolas.runtime.core.interfaces.LifecycleEnvironment - Running migrations...
[legolas-global-thread] INFO legolas.runtime.core.interfaces.MigrationRunner - Running migration migration.postgre
[legolas-global-thread] INFO migrami.sql.interfaces.MigramiSQLExecutor - Applying migration file V001_Create_Tables.sql
[main] INFO spectra.interfaces.Spectra - Revealing spectrum  for band USERS
[main] INFO morphos.test.MorphosSpectrum - Actual column id type UUID. Trying to validate over [UUID, CHAR]
[main] INFO morphos.test.MorphosSpectrum - Actual column username type VARCHAR. Trying to validate over [VARCHAR, NVARCHAR]
[main] INFO morphos.test.MorphosSpectrum - Actual column email type VARCHAR. Trying to validate over [VARCHAR, NVARCHAR]
[main] INFO morphos.test.MorphosSpectrum - Actual column created_at type TIMESTAMP. Trying to validate over [TIMESTAMP, TIMESTAMP_WITH_TIMEZONE]
[main] INFO morphos.test.MorphosSpectrum - Actual column updated_at type TIMESTAMP. Trying to validate over [TIMESTAMP, TIMESTAMP_WITH_TIMEZONE]
[main] INFO morphos.test.MorphosSpectrum - Actual column active type BIT. Trying to validate over [BOOLEAN, BIT]
[main] INFO morphos.test.MorphosSpectrum - Actual column id type BIGINT. Trying to validate over [BIGINT]
[main] INFO morphos.test.MorphosSpectrum - Actual column name type VARCHAR. Trying to validate over [VARCHAR, NVARCHAR]
[main] INFO morphos.test.MorphosSpectrum - Actual column description type VARCHAR. Trying to validate over [VARCHAR, NVARCHAR, LONGVARCHAR]
[main] INFO morphos.test.MorphosSpectrum - Actual column role_id type BIGINT. Trying to validate over [BIGINT]
[main] INFO morphos.test.MorphosSpectrum - Actual column user_id type UUID. Trying to validate over [UUID, CHAR]
[main] INFO morphos.test.MorphosSpectrum - Actual column role_id type BIGINT. Trying to validate over [BIGINT]
[main] INFO morphos.test.MorphosSpectrum - Actual column user_id type UUID. Trying to validate over [UUID, CHAR]
[main] INFO morphos.test.MorphosSpectrum - Actual column assigned_at type TIMESTAMP. Trying to validate over [TIMESTAMP_WITH_TIMEZONE, TIMESTAMP]
]]></system-err>
  </testcase>
  <testcase name="testAuditSchema(RunningEnvironment)[1]" classname="morphosReflectorTest.MorphosReflectorPostgresTest" time="0.003">
    <system-err><![CDATA[[main] INFO spectra.interfaces.Spectra - Revealing spectrum  for band AUDIT
[main] INFO morphos.test.MorphosSpectrum - Actual column id type BIGINT. Trying to validate over [BIGINT]
[main] INFO morphos.test.MorphosSpectrum - Actual column table_name type VARCHAR. Trying to validate over [VARCHAR, NVARCHAR]
[main] INFO morphos.test.MorphosSpectrum - Actual column record_id type VARCHAR. Trying to validate over [BIGINT, VARCHAR, NVARCHAR]
[main] INFO morphos.test.MorphosSpectrum - Actual column operation type VARCHAR. Trying to validate over [CHAR, VARCHAR, NVARCHAR]
[main] INFO morphos.test.MorphosSpectrum - Actual column changed_at type TIMESTAMP. Trying to validate over [TIMESTAMP]
[main] INFO morphos.test.MorphosSpectrum - Actual column changed_by type VARCHAR. Trying to validate over [VARCHAR, NVARCHAR]
]]></system-err>
  </testcase>
  <testcase name="testSalesSchema(RunningEnvironment)[1]" classname="morphosReflectorTest.MorphosReflectorPostgresTest" time="0.005">
    <system-err><![CDATA[[main] INFO spectra.interfaces.Spectra - Revealing spectrum  for band SALES
[main] INFO morphos.test.MorphosSpectrum - Actual column id type BIGINT. Trying to validate over [BIGINT]
[main] INFO morphos.test.MorphosSpectrum - Actual column full_name type VARCHAR. Trying to validate over [NVARCHAR, VARCHAR]
[main] INFO morphos.test.MorphosSpectrum - Actual column document_number type VARCHAR. Trying to validate over [NVARCHAR, VARCHAR]
[main] INFO morphos.test.MorphosSpectrum - Actual column email type VARCHAR. Trying to validate over [NVARCHAR, VARCHAR]
[main] INFO morphos.test.MorphosSpectrum - Actual column registered_at type TIMESTAMP. Trying to validate over [TIMESTAMP]
[main] INFO morphos.test.MorphosSpectrum - Actual column id type BIGINT. Trying to validate over [BIGINT]
[main] INFO morphos.test.MorphosSpectrum - Actual column name type VARCHAR. Trying to validate over [NVARCHAR, VARCHAR]
[main] INFO morphos.test.MorphosSpectrum - Actual column price type NUMERIC. Trying to validate over [DECIMAL, NUMERIC]
[main] INFO morphos.test.MorphosSpectrum - Actual column stock type INTEGER. Trying to validate over [NUMERIC, INTEGER]
[main] INFO morphos.test.MorphosSpectrum - Actual column category type VARCHAR. Trying to validate over [VARCHAR, NVARCHAR]
[main] INFO morphos.test.MorphosSpectrum - Actual column id type BIGINT. Trying to validate over [BIGINT]
[main] INFO morphos.test.MorphosSpectrum - Actual column customer_id type BIGINT. Trying to validate over [BIGINT]
[main] INFO morphos.test.MorphosSpectrum - Actual column created_at type TIMESTAMP. Trying to validate over [TIMESTAMP]
[main] INFO morphos.test.MorphosSpectrum - Actual column status type VARCHAR. Trying to validate over [NVARCHAR, VARCHAR]
[main] INFO morphos.test.MorphosSpectrum - Actual column total_amount type NUMERIC. Trying to validate over [NUMERIC, DECIMAL]
[main] INFO morphos.test.MorphosSpectrum - Actual column order_id type BIGINT. Trying to validate over [BIGINT, INTEGER]
[main] INFO morphos.test.MorphosSpectrum - Actual column order_id type BIGINT. Trying to validate over [BIGINT, INTEGER]
[main] INFO morphos.test.MorphosSpectrum - Actual column product_id type BIGINT. Trying to validate over [BIGINT, INTEGER]
[main] INFO morphos.test.MorphosSpectrum - Actual column product_id type BIGINT. Trying to validate over [BIGINT, INTEGER]
[main] INFO morphos.test.MorphosSpectrum - Actual column quantity type INTEGER. Trying to validate over [INTEGER]
[main] INFO morphos.test.MorphosSpectrum - Actual column price type NUMERIC. Trying to validate over [NUMERIC, DECIMAL]
]]></system-err>
  </testcase>
  <testcase name="testDemoSchema(RunningEnvironment)[1]" classname="morphosReflectorTest.MorphosReflectorPostgresTest" time="0.006">
    <system-err><![CDATA[[main] INFO spectra.interfaces.Spectra - Revealing spectrum  for band DEMO
[main] INFO morphos.test.MorphosSpectrum - Actual column id type BIGINT. Trying to validate over [BIGINT]
[main] INFO morphos.test.MorphosSpectrum - Actual column small_id type SMALLINT. Trying to validate over [SMALLINT]
[main] INFO morphos.test.MorphosSpectrum - Actual column regular_id type INTEGER. Trying to validate over [INTEGER]
[main] INFO morphos.test.MorphosSpectrum - Actual column notes type CHAR. Trying to validate over [NCHAR, CHAR]
[main] INFO morphos.test.MorphosSpectrum - Actual column code type VARCHAR. Trying to validate over [NVARCHAR, VARCHAR]
[main] INFO morphos.test.MorphosSpectrum - Actual column amount type NUMERIC. Trying to validate over [NUMERIC, DECIMAL]
[main] INFO morphos.test.MorphosSpectrum - Actual column price type DOUBLE. Trying to validate over [DECIMAL, NUMERIC, DOUBLE]
[main] INFO morphos.test.MorphosSpectrum - Actual column ratio type REAL. Trying to validate over [REAL]
[main] INFO morphos.test.MorphosSpectrum - Actual column precision_value type DOUBLE. Trying to validate over [DOUBLE]
[main] INFO morphos.test.MorphosSpectrum - Actual column active type BIT. Trying to validate over [BIT, BOOLEAN]
[main] INFO morphos.test.MorphosSpectrum - Actual column bitmask type BIT. Trying to validate over [BIT, BINARY]
[main] INFO morphos.test.MorphosSpectrum - Actual column binary_data type BINARY. Trying to validate over [BLOB, LONGVARBINARY, BINARY, VARBINARY]
[main] INFO morphos.test.MorphosSpectrum - Actual column created_at type TIMESTAMP. Trying to validate over [TIMESTAMP]
[main] INFO morphos.test.MorphosSpectrum - Actual column updated_at type TIMESTAMP. Trying to validate over [TIMESTAMP_WITH_TIMEZONE, TIMESTAMP]
[main] INFO morphos.test.MorphosSpectrum - Actual column birth_date type DATE. Trying to validate over [DATE]
[main] INFO morphos.test.MorphosSpectrum - Actual column wake_time type TIME. Trying to validate over [TIME]
[main] INFO morphos.test.MorphosSpectrum - Actual column wake_time_tz type TIME. Trying to validate over [TIME_WITH_TIMEZONE, TIME, TIMESTAMP]
[main] INFO morphos.test.MorphosSpectrum - Actual column interval_field type INTERVAL. Trying to validate over [INTERVAL, NVARCHAR, VARCHAR]
[main] INFO morphos.test.MorphosSpectrum - Actual column user_uuid type UUID. Trying to validate over [UUID, CHAR]
[main] INFO morphos.test.MorphosSpectrum - Actual column metadata type JSON. Trying to validate over [JSON, LONGVARCHAR, NVARCHAR]
[main] INFO morphos.test.MorphosSpectrum - Actual column preferences type JSON. Trying to validate over [JSON, LONGVARCHAR, NVARCHAR]
[main] INFO morphos.test.MorphosSpectrum - Actual column tags type ARRAY. Trying to validate over [ARRAY, LONGVARCHAR, NVARCHAR]
[main] INFO morphos.test.MorphosSpectrum - Actual column ip_address type INET. Trying to validate over [INET, NVARCHAR, VARCHAR]
[main] INFO morphos.test.MorphosSpectrum - Actual column network_range type CIDR. Trying to validate over [CIDR, NVARCHAR, VARCHAR]
[main] INFO morphos.test.MorphosSpectrum - Actual column mac_address type MACADDR. Trying to validate over [MACADDR, NVARCHAR, VARCHAR]
[main] INFO morphos.test.MorphosSpectrum - Actual column xml_data type XML. Trying to validate over [XML, LONGVARCHAR, LONG_NVARCHAR]
[main] INFO morphos.test.MorphosSpectrum - Actual column status type VARCHAR. Trying to validate over [ENUM, CHAR, NVARCHAR, VARCHAR]
[main] INFO morphos.test.MorphosSpectrum - Actual column score type INTEGER. Trying to validate over [INTEGER]
[main] INFO morphos.test.MorphosSpectrum - Actual column country_code type CHAR. Trying to validate over [NCHAR, CHAR]
]]></system-err>
  </testcase>
</testsuite>