<?xml version="1.0" encoding="UTF-8"?>
<testsuite xmlns:xsi="http://www.w3.org/2001/XMLSchema-instance" xsi:noNamespaceSchemaLocation="https://maven.apache.org/surefire/maven-surefire-plugin/xsd/surefire-test-report.xsd" version="3.0.2" name="morphosReflectorTest.MorphosReflectorSQLServerTest" time="36.092" tests="4" errors="0" skipped="0" failures="0">
  <properties>
[...]
</properties>
  <testcase name="testUsersSchema(RunningEnvironment)[1]" classname="morphosReflectorTest.MorphosReflectorSQLServerTest" time="0.016">
    <system-err><![CDATA[[main] INFO legolas.provided.infra.LegolasExtension - Starting Legolas global test environment...
[legolas-global-thread] INFO legolas.runtime.core.interfaces.LifecycleEnvironment - Running starters...
[legolas-global-thread] INFO org.testcontainers.images.PullPolicy - Image pull policy will be performed by: DefaultPullPolicy()
[legolas-global-thread] INFO org.testcontainers.utility.ImageNameSubstitutor - Image name substitution will be performed by: DefaultImageNameSubstitutor (composite of 'ConfigurationFileImageNameSubstitutor' and 'PrefixingImageNameSubstitutor')
[legolas-global-thread] INFO legolas.runtime.core.interfaces.StarterRunner - SQL Server Container initializing
[legolas-global-thread] INFO org.testcontainers.DockerClientFactory - Testcontainers version: 1.21.3
[legolas-global-thread] INFO org.testcontainers.dockerclient.DockerClientProviderStrategy - Loaded org.testcontainers.dockerclient.UnixSocketClientProviderStrategy from ~/.testcontainers.properties, will try it first
[legolas-global-thread] INFO org.testcontainers.dockerclient.DockerClientProviderStrategy - Found Docker environment with local Unix socket (unix:///var/run/docker.sock)
[legolas-global-thread] INFO org.testcontainers.DockerClientFactory - Docker host IP address is localhost
[legolas-global-thread] INFO org.testcontainers.DockerClientFactory - Connected to docker: 
  Server Version: 28.1.1
  API Version: 1.49
  Operating System: Ubuntu 20.04.6 LTS
  Total Memory: 29497 MB
[legolas-global-thread] INFO org.testcontainers.DockerClientFactory - Checking the system...
[legolas-global-thread] INFO org.testcontainers.DockerClientFactory - ✔︎ Docker server version should be at least 1.6.0
[legolas-global-thread] INFO tc.mcr.microsoft.com/mssql/server:2017-CU12 - Creating container for image: mcr.microsoft.com/mssql/server:2017-CU12
[legolas-global-thread] INFO org.testcontainers.utility.RegistryAuthLocator - Failure when attempting to lookup auth config. Please ignore if you don't have images in an authenticated registry. Details: (dockerImageName: mcr.microsoft.com/mssql/server:2017-CU12, configFile: /home/braz/.docker/config.json, configEnv: DOCKER_AUTH_CONFIG). Falling back to docker-java default behaviour. Exception message: Status 404: No config supplied. Checked in order: /home/braz/.docker/config.json (file not found), DOCKER_AUTH_CONFIG (not set)
[legolas-global-thread] INFO tc.testcontainers/ryuk:0.12.0 - Creating container for image: testcontainers/ryuk:0.12.0
[legolas-global-thread] INFO org.testcontainers.utility.RegistryAuthLocator - Failure when attempting to lookup auth config. Please ignore if you don't have images in an authenticated registry. Details: (dockerImageName: testcontainers/ryuk:0.12.0, configFile: /home/braz/.docker/config.json, configEnv: DOCKER_AUTH_CONFIG). Falling back to docker-java default behaviour. Exception message: Status 404: No config supplied. Checked in order: /home/braz/.docker/config.json (file not found), DOCKER_AUTH_CONFIG (not set)
[legolas-global-thread] INFO tc.testcontainers/ryuk:0.12.0 - Container testcontainers/ryuk:0.12.0 is starting: 317b605502d404b341f47d1bda2cd5fcf0217114348031249211643bc907659d
[legolas-global-thread] INFO tc.testcontainers/ryuk:0.12.0 - Container testcontainers/ryuk:0.12.0 started in PT0.775607S
[legolas-global-thread] INFO tc.mcr.microsoft.com/mssql/server:2017-CU12 - Container mcr.microsoft.com/mssql/server:2017-CU12 is starting: cf42035e5c19ebc021ecf4df91c89be6edfc96ddecf4f5de6f8835a585e97e86
[legolas-global-thread] INFO tc.mcr.microsoft.com/mssql/server:2017-CU12 - Waiting for database connection to become available at jdbc:sqlserver://localhost:1433 using query 'SELECT 1'
nov 09, 2025 10:58:26 AM com.microsoft.sqlserver.jdbc.SQLServerConnection prelogin
WARNING: ConnectionID:1 ClientConnectionId: 5c4fd2be-c1b3-4b77-a9cc-a982f4bdd9f1 Prelogin error: host localhost port 1433 Unexpected end of prelogin response after 0 bytes read
nov 09, 2025 10:58:26 AM com.microsoft.sqlserver.jdbc.SQLServerConnection prelogin
WARNING: ConnectionID:1 ClientConnectionId: 39cb460b-47a1-4914-9e9d-37f28e2820e2 Prelogin error: host localhost port 1433 Unexpected end of prelogin response after 0 bytes read
nov 09, 2025 10:58:26 AM com.microsoft.sqlserver.jdbc.SQLServerConnection prelogin
WARNING: ConnectionID:2 ClientConnectionId: 62a4503a-bf17-40b0-9219-bb0a973257fb Prelogin error: host localhost port 1433 Unexpected end of prelogin response after 0 bytes read
nov 09, 2025 10:58:26 AM com.microsoft.sqlserver.jdbc.SQLServerConnection prelogin
WARNING: ConnectionID:2 ClientConnectionId: 182fbfe4-50e9-4eb7-97ff-f849cb34f7c1 Prelogin error: host localhost port 1433 Unexpected end of prelogin response after 0 bytes read
nov 09, 2025 10:58:26 AM com.microsoft.sqlserver.jdbc.SQLServerConnection prelogin
WARNING: ConnectionID:3 ClientConnectionId: db182a92-3118-45fb-b1b7-b2ace5a0f608 Prelogin error: host localhost port 1433 Unexpected end of prelogin response after 0 bytes read
nov 09, 2025 10:58:26 AM com.microsoft.sqlserver.jdbc.SQLServerConnection prelogin
WARNING: ConnectionID:3 ClientConnectionId: 79567cae-87ef-4880-b708-6b681d5099da Prelogin error: host localhost port 1433 Unexpected end of prelogin response after 0 bytes read
nov 09, 2025 10:58:26 AM com.microsoft.sqlserver.jdbc.SQLServerConnection prelogin
WARNING: ConnectionID:4 ClientConnectionId: 806bdf2f-ca16-495f-8b98-b835b7c7d8ac Prelogin error: host localhost port 1433 Unexpected end of prelogin response after 0 bytes read
nov 09, 2025 10:58:26 AM com.microsoft.sqlserver.jdbc.SQLServerConnection prelogin
WARNING: ConnectionID:4 ClientConnectionId: f9b4f6c0-b365-432d-b87f-f8d35963e1ba Prelogin error: host localhost port 1433 Unexpected end of prelogin response after 0 bytes read
nov 09, 2025 10:58:27 AM com.microsoft.sqlserver.jdbc.SQLServerConnection prelogin
WARNING: ConnectionID:5 ClientConnectionId: 7164345b-2d40-465c-b422-d42bb1d0f36b Prelogin error: host localhost port 1433 Unexpected end of prelogin response after 0 bytes read
nov 09, 2025 10:58:27 AM com.microsoft.sqlserver.jdbc.SQLServerConnection prelogin
WARNING: ConnectionID:5 ClientConnectionId: 98e37fc4-de3d-454e-b852-8f4e79de31c9 Prelogin error: host localhost port 1433 Unexpected end of prelogin response after 0 bytes read
nov 09, 2025 10:58:27 AM com.microsoft.sqlserver.jdbc.SQLServerConnection prelogin
WARNING: ConnectionID:6 ClientConnectionId: c425d3f3-50f7-4185-9048-95a0d506723b Prelogin error: host localhost port 1433 Error reading prelogin response: Connection reset ClientConnectionId:c425d3f3-50f7-4185-9048-95a0d506723b
nov 09, 2025 10:58:27 AM com.microsoft.sqlserver.jdbc.SQLServerConnection prelogin
WARNING: ConnectionID:6 ClientConnectionId: 3570f279-60b0-4330-927c-12f1ec882f50 Prelogin error: host localhost port 1433 Unexpected end of prelogin response after 0 bytes read
nov 09, 2025 10:58:27 AM com.microsoft.sqlserver.jdbc.SQLServerConnection prelogin
WARNING: ConnectionID:7 ClientConnectionId: d6ea2fcc-5b61-4b49-82cb-64198d0ca00a Prelogin error: host localhost port 1433 Unexpected end of prelogin response after 0 bytes read
nov 09, 2025 10:58:27 AM com.microsoft.sqlserver.jdbc.SQLServerConnection prelogin
WARNING: ConnectionID:7 ClientConnectionId: d42f14a3-9b07-40dd-b3bb-be1d5ec18c6c Prelogin error: host localhost port 1433 Unexpected end of prelogin response after 0 bytes read
nov 09, 2025 10:58:27 AM com.microsoft.sqlserver.jdbc.SQLServerConnection prelogin
WARNING: ConnectionID:8 ClientConnectionId: bec65cd5-ce32-4d43-94ea-f65bbf08df1e Prelogin error: host localhost port 1433 Unexpected end of prelogin response after 0 bytes read
nov 09, 2025 10:58:27 AM com.microsoft.sqlserver.jdbc.SQLServerConnection prelogin
WARNING: ConnectionID:8 ClientConnectionId: 9dea322b-1772-4bd3-b1ad-afb8e1af33ad Prelogin error: host localhost port 1433 Unexpected end of prelogin response after 0 bytes read
nov 09, 2025 10:58:27 AM com.microsoft.sqlserver.jdbc.SQLServerConnection prelogin
WARNING: ConnectionID:9 ClientConnectionId: fcd1f282-2565-4759-8b7a-03e1678c64e4 Prelogin error: host localhost port 1433 Unexpected end of prelogin response after 0 bytes read
nov 09, 2025 10:58:27 AM com.microsoft.sqlserver.jdbc.SQLServerConnection prelogin
WARNING: ConnectionID:9 ClientConnectionId: 8544f532-ca65-47ea-b673-fcd9b6f39dd0 Prelogin error: host localhost port 1433 Unexpected end of prelogin response after 0 bytes read
nov 09, 2025 10:58:27 AM com.microsoft.sqlserver.jdbc.SQLServerConnection prelogin
WARNING: ConnectionID:10 ClientConnectionId: 3985acff-6233-42de-8bcb-3dfed73e52b2 Prelogin error: host localhost port 1433 Unexpected end of prelogin response after 0 bytes read
nov 09, 2025 10:58:27 AM com.microsoft.sqlserver.jdbc.SQLServerConnection prelogin
WARNING: ConnectionID:10 ClientConnectionId: 3c6d68fb-5927-4462-98cb-7dac807223c4 Prelogin error: host localhost port 1433 Unexpected end of prelogin response after 0 bytes read
nov 09, 2025 10:58:27 AM com.microsoft.sqlserver.jdbc.SQLServerConnection prelogin
WARNING: ConnectionID:11 ClientConnectionId: 03e3985b-63dc-40eb-aa68-ed2ce15c1bbe Prelogin error: host localhost port 1433 Unexpected end of prelogin response after 0 bytes read
nov 09, 2025 10:58:27 AM com.microsoft.sqlserver.jdbc.SQLServerConnection prelogin
WARNING: ConnectionID:11 ClientConnectionId: 31179a9b-7bd7-4d77-8edf-aeb3d75a7dfa Prelogin error: host localhost port 1433 Unexpected end of prelogin response after 0 bytes read
nov 09, 2025 10:58:27 AM com.microsoft.sqlserver.jdbc.SQLServerConnection prelogin
WARNING: ConnectionID:12 ClientConnectionId: 0cd83bf9-8e25-4d1e-9623-01e933646b24 Prelogin error: host localhost port 1433 Unexpected end of prelogin response after 0 bytes read
nov 09, 2025 10:58:27 AM com.microsoft.sqlserver.jdbc.SQLServerConnection prelogin
WARNING: ConnectionID:12 ClientConnectionId: 687012b7-45a9-447e-b32a-1815b2a2d35b Prelogin error: host localhost port 1433 Unexpected end of prelogin response after 0 bytes read
nov 09, 2025 10:58:27 AM com.microsoft.sqlserver.jdbc.SQLServerConnection prelogin
WARNING: ConnectionID:13 ClientConnectionId: dc396702-b8ad-4cb3-b267-9131eab0fd02 Prelogin error: host localhost port 1433 Unexpected end of prelogin response after 0 bytes read
nov 09, 2025 10:58:27 AM com.microsoft.sqlserver.jdbc.SQLServerConnection prelogin
WARNING: ConnectionID:13 ClientConnectionId: 2e00323d-0b00-4cd9-bdcb-659850cddbf3 Prelogin error: host localhost port 1433 Unexpected end of prelogin response after 0 bytes read
nov 09, 2025 10:58:28 AM com.microsoft.sqlserver.jdbc.SQLServerConnection prelogin
WARNING: ConnectionID:14 ClientConnectionId: aa22decb-a112-4559-885c-6686a34558e8 Prelogin error: host localhost port 1433 Unexpected end of prelogin response after 0 bytes read
nov 09, 2025 10:58:28 AM com.microsoft.sqlserver.jdbc.SQLServerConnection prelogin
WARNING: ConnectionID:14 ClientConnectionId: 9e9edee9-50e2-407f-98d7-040a9cd791d9 Prelogin error: host localhost port 1433 Unexpected end of prelogin response after 0 bytes read
nov 09, 2025 10:58:28 AM com.microsoft.sqlserver.jdbc.SQLServerConnection prelogin
WARNING: ConnectionID:15 ClientConnectionId: 4a5ba0af-3341-41d2-87ff-9ec89d29e948 Prelogin error: host localhost port 1433 Unexpected end of prelogin response after 0 bytes read
nov 09, 2025 10:58:28 AM com.microsoft.sqlserver.jdbc.SQLServerConnection prelogin
WARNING: ConnectionID:15 ClientConnectionId: 82a7269b-b03f-40c0-91af-228221a574c9 Prelogin error: host localhost port 1433 Unexpected end of prelogin response after 0 bytes read
nov 09, 2025 10:58:28 AM com.microsoft.sqlserver.jdbc.SQLServerConnection prelogin
WARNING: ConnectionID:16 ClientConnectionId: 63f983af-d3cb-4135-9ba0-77b41b98ad88 Prelogin error: host localhost port 1433 Unexpected end of prelogin response after 0 bytes read
nov 09, 2025 10:58:28 AM com.microsoft.sqlserver.jdbc.SQLServerConnection prelogin
WARNING: ConnectionID:16 ClientConnectionId: 60d9e409-6b0a-42bb-9968-0cf280ca790e Prelogin error: host localhost port 1433 Unexpected end of prelogin response after 0 bytes read
nov 09, 2025 10:58:28 AM com.microsoft.sqlserver.jdbc.SQLServerConnection prelogin
WARNING: ConnectionID:17 ClientConnectionId: 17d48064-a9b4-4f21-a3e7-583579d361d1 Prelogin error: host localhost port 1433 Unexpected end of prelogin response after 0 bytes read
nov 09, 2025 10:58:28 AM com.microsoft.sqlserver.jdbc.SQLServerConnection prelogin
WARNING: ConnectionID:17 ClientConnectionId: c15027e5-c804-41c5-a474-f7f8220a61bf Prelogin error: host localhost port 1433 Unexpected end of prelogin response after 0 bytes read
nov 09, 2025 10:58:28 AM com.microsoft.sqlserver.jdbc.SQLServerConnection prelogin
WARNING: ConnectionID:18 ClientConnectionId: a66cc81d-38fd-416b-8db8-7faf99067a2b Prelogin error: host localhost port 1433 Unexpected end of prelogin response after 0 bytes read
nov 09, 2025 10:58:28 AM com.microsoft.sqlserver.jdbc.SQLServerConnection prelogin
WARNING: ConnectionID:18 ClientConnectionId: ac521908-268c-405c-9d01-ffd9bfc22290 Prelogin error: host localhost port 1433 Unexpected end of prelogin response after 0 bytes read
nov 09, 2025 10:58:28 AM com.microsoft.sqlserver.jdbc.SQLServerConnection prelogin
WARNING: ConnectionID:19 ClientConnectionId: 12d42189-bd08-4b39-a801-680e01b453a9 Prelogin error: host localhost port 1433 Unexpected end of prelogin response after 0 bytes read
nov 09, 2025 10:58:28 AM com.microsoft.sqlserver.jdbc.SQLServerConnection prelogin
WARNING: ConnectionID:19 ClientConnectionId: d1bf0226-a2bb-4e9d-9479-d1a30565d371 Prelogin error: host localhost port 1433 Unexpected end of prelogin response after 0 bytes read
nov 09, 2025 10:58:28 AM com.microsoft.sqlserver.jdbc.SQLServerConnection prelogin
WARNING: ConnectionID:20 ClientConnectionId: 16538475-6b6d-4c01-9b06-65232bbe5079 Prelogin error: host localhost port 1433 Unexpected end of prelogin response after 0 bytes read
nov 09, 2025 10:58:28 AM com.microsoft.sqlserver.jdbc.SQLServerConnection prelogin
WARNING: ConnectionID:20 ClientConnectionId: 6013586e-527d-484d-833f-0d87ef4654fc Prelogin error: host localhost port 1433 Unexpected end of prelogin response after 0 bytes read
nov 09, 2025 10:58:28 AM com.microsoft.sqlserver.jdbc.SQLServerConnection prelogin
WARNING: ConnectionID:21 ClientConnectionId: c80705f4-23a0-4b3c-b633-88c533a4f52d Prelogin error: host localhost port 1433 Unexpected end of prelogin response after 0 bytes read
nov 09, 2025 10:58:28 AM com.microsoft.sqlserver.jdbc.SQLServerConnection prelogin
WARNING: ConnectionID:21 ClientConnectionId: 4b1a3321-dd31-460b-bb5e-9adde37ca37e Prelogin error: host localhost port 1433 Unexpected end of prelogin response after 0 bytes read
nov 09, 2025 10:58:28 AM com.microsoft.sqlserver.jdbc.SQLServerConnection prelogin
WARNING: ConnectionID:22 ClientConnectionId: 669340f3-3d93-4c90-88a3-6c79cc7258ee Prelogin error: host localhost port 1433 Unexpected end of prelogin response after 0 bytes read
nov 09, 2025 10:58:28 AM com.microsoft.sqlserver.jdbc.SQLServerConnection prelogin
WARNING: ConnectionID:22 ClientConnectionId: cb435cd6-f034-45c0-9dba-51e7f0b49c94 Prelogin error: host localhost port 1433 Unexpected end of prelogin response after 0 bytes read
nov 09, 2025 10:58:29 AM com.microsoft.sqlserver.jdbc.SQLServerConnection prelogin
WARNING: ConnectionID:23 ClientConnectionId: 847d1bd8-5da0-4572-a84f-0bc4c1abd663 Prelogin error: host localhost port 1433 Unexpected end of prelogin response after 0 bytes read
nov 09, 2025 10:58:29 AM com.microsoft.sqlserver.jdbc.SQLServerConnection prelogin
WARNING: ConnectionID:23 ClientConnectionId: cd8f4fae-d3c1-4a04-bc3d-e80c091d6402 Prelogin error: host localhost port 1433 Unexpected end of prelogin response after 0 bytes read
nov 09, 2025 10:58:29 AM com.microsoft.sqlserver.jdbc.SQLServerConnection prelogin
WARNING: ConnectionID:24 ClientConnectionId: bfc8738e-fec7-4e57-bc7c-11e13487a226 Prelogin error: host localhost port 1433 Unexpected end of prelogin response after 0 bytes read
nov 09, 2025 10:58:29 AM com.microsoft.sqlserver.jdbc.SQLServerConnection prelogin
WARNING: ConnectionID:24 ClientConnectionId: f17fbacd-311b-4ac1-a427-0aa82a64b487 Prelogin error: host localhost port 1433 Unexpected end of prelogin response after 0 bytes read
nov 09, 2025 10:58:29 AM com.microsoft.sqlserver.jdbc.SQLServerConnection prelogin
WARNING: ConnectionID:25 ClientConnectionId: 0a87b1f5-c8f5-4df8-8a8d-7f7db46dd6a5 Prelogin error: host localhost port 1433 Unexpected end of prelogin response after 0 bytes read
nov 09, 2025 10:58:29 AM com.microsoft.sqlserver.jdbc.SQLServerConnection prelogin
WARNING: ConnectionID:25 ClientConnectionId: 1b60d7c9-92d5-4bcf-9521-e28afeaf0817 Prelogin error: host localhost port 1433 Unexpected end of prelogin response after 0 bytes read
nov 09, 2025 10:58:29 AM com.microsoft.sqlserver.jdbc.SQLServerConnection prelogin
WARNING: ConnectionID:26 ClientConnectionId: 802db875-17ac-4ea4-9185-5d50edc7d5ba Prelogin error: host localhost port 1433 Error reading prelogin response: Connection reset ClientConnectionId:802db875-17ac-4ea4-9185-5d50edc7d5ba
nov 09, 2025 10:58:29 AM com.microsoft.sqlserver.jdbc.SQLServerConnection prelogin
WARNING: ConnectionID:26 ClientConnectionId: 342edb5a-2ab8-4546-b5bd-df2151bdceb2 Prelogin error: host localhost port 1433 Unexpected end of prelogin response after 0 bytes read
nov 09, 2025 10:58:29 AM com.microsoft.sqlserver.jdbc.SQLServerConnection prelogin
WARNING: ConnectionID:27 ClientConnectionId: d88ead28-f264-4f19-8ec9-d8d3b211148c Prelogin error: host localhost port 1433 Unexpected end of prelogin response after 0 bytes read
nov 09, 2025 10:58:29 AM com.microsoft.sqlserver.jdbc.SQLServerConnection prelogin
WARNING: ConnectionID:27 ClientConnectionId: a9434c1b-d0b9-4479-ab8b-497099d727d5 Prelogin error: host localhost port 1433 Unexpected end of prelogin response after 0 bytes read
nov 09, 2025 10:58:29 AM com.microsoft.sqlserver.jdbc.SQLServerConnection prelogin
WARNING: ConnectionID:28 ClientConnectionId: 9ce43477-51ec-46a0-bdfb-b96b0b90a8b0 Prelogin error: host localhost port 1433 Unexpected end of prelogin response after 0 bytes read
nov 09, 2025 10:58:29 AM com.microsoft.sqlserver.jdbc.SQLServerConnection prelogin
WARNING: ConnectionID:28 ClientConnectionId: 652480cc-7889-4eb1-9e6c-2e1d56f3bac7 Prelogin error: host localhost port 1433 Unexpected end of prelogin response after 0 bytes read
nov 09, 2025 10:58:29 AM com.microsoft.sqlserver.jdbc.SQLServerConnection prelogin
WARNING: ConnectionID:29 ClientConnectionId: c18597fa-471b-4cb1-98f5-c8547091fc3e Prelogin error: host localhost port 1433 Unexpected end of prelogin response after 0 bytes read
nov 09, 2025 10:58:29 AM com.microsoft.sqlserver.jdbc.SQLServerConnection prelogin
WARNING: ConnectionID:29 ClientConnectionId: 4ff74aab-b129-4cfc-8ecb-b1f1db19fc49 Prelogin error: host localhost port 1433 Unexpected end of prelogin response after 0 bytes read
nov 09, 2025 10:58:29 AM com.microsoft.sqlserver.jdbc.SQLServerConnection prelogin
WARNING: ConnectionID:30 ClientConnectionId: d3073c7a-cc88-4549-9546-6df0f1ea41f5 Prelogin error: host localhost port 1433 Unexpected end of prelogin response after 0 bytes read
nov 09, 2025 10:58:29 AM com.microsoft.sqlserver.jdbc.SQLServerConnection prelogin
WARNING: ConnectionID:30 ClientConnectionId: 678757b3-b9aa-45d5-a69d-001d49e9d337 Prelogin error: host localhost port 1433 Unexpected end of prelogin response after 0 bytes read
nov 09, 2025 10:58:29 AM com.microsoft.sqlserver.jdbc.SQLServerConnection prelogin
WARNING: ConnectionID:31 ClientConnectionId: d50e7a9c-501c-4dea-a48e-88e9df2da2d9 Prelogin error: host localhost port 1433 Unexpected end of prelogin response after 0 bytes read
nov 09, 2025 10:58:29 AM com.microsoft.sqlserver.jdbc.SQLServerConnection prelogin
WARNING: ConnectionID:31 ClientConnectionId: 9bdb6565-d8ce-4830-9367-5f172a569065 Prelogin error: host localhost port 1433 Unexpected end of prelogin response after 0 bytes read
nov 09, 2025 10:58:29 AM com.microsoft.sqlserver.jdbc.SQLServerConnection prelogin
WARNING: ConnectionID:32 ClientConnectionId: f5d7bed1-f60f-46ff-9fe6-1fdb738b00cf Prelogin error: host localhost port 1433 Error reading prelogin response: Connection reset ClientConnectionId:f5d7bed1-f60f-46ff-9fe6-1fdb738b00cf
nov 09, 2025 10:58:29 AM com.microsoft.sqlserver.jdbc.SQLServerConnection prelogin
WARNING: ConnectionID:32 ClientConnectionId: 9b5e2ef9-92a6-4a60-97b1-fbf7289e3625 Prelogin error: host localhost port 1433 Unexpected end of prelogin response after 0 bytes read
nov 09, 2025 10:58:30 AM com.microsoft.sqlserver.jdbc.SQLServerConnection prelogin
WARNING: ConnectionID:33 ClientConnectionId: 66f23f95-8c96-4eec-92f4-96dc10eadc3e Prelogin error: host localhost port 1433 Error reading prelogin response: Connection reset ClientConnectionId:66f23f95-8c96-4eec-92f4-96dc10eadc3e
nov 09, 2025 10:58:30 AM com.microsoft.sqlserver.jdbc.SQLServerConnection prelogin
WARNING: ConnectionID:33 ClientConnectionId: f5b1149b-c4d3-4a0e-a91c-2b0a757ef7eb Prelogin error: host localhost port 1433 Unexpected end of prelogin response after 0 bytes read
nov 09, 2025 10:58:30 AM com.microsoft.sqlserver.jdbc.SQLServerConnection prelogin
WARNING: ConnectionID:34 ClientConnectionId: 75782f17-8131-4735-974f-7fbfe6fab405 Prelogin error: host localhost port 1433 Error reading prelogin response: Connection reset ClientConnectionId:75782f17-8131-4735-974f-7fbfe6fab405
nov 09, 2025 10:58:30 AM com.microsoft.sqlserver.jdbc.SQLServerConnection prelogin
WARNING: ConnectionID:34 ClientConnectionId: 528970da-3cbb-4efa-a556-92f882f864ff Prelogin error: host localhost port 1433 Error reading prelogin response: Connection reset ClientConnectionId:528970da-3cbb-4efa-a556-92f882f864ff
nov 09, 2025 10:58:30 AM com.microsoft.sqlserver.jdbc.SQLServerConnection prelogin
WARNING: ConnectionID:35 ClientConnectionId: 88794976-fd8c-42df-88f3-afa6799203df Prelogin error: host localhost port 1433 Error reading prelogin response: Connection reset ClientConnectionId:88794976-fd8c-42df-88f3-afa6799203df
nov 09, 2025 10:58:30 AM com.microsoft.sqlserver.jdbc.SQLServerConnection prelogin
WARNING: ConnectionID:35 ClientConnectionId: f0c014c5-1a11-4212-b719-4b4aff23dba1 Prelogin error: host localhost port 1433 Unexpected end of prelogin response after 0 bytes read
nov 09, 2025 10:58:30 AM com.microsoft.sqlserver.jdbc.SQLServerConnection prelogin
WARNING: ConnectionID:36 ClientConnectionId: f803a495-2989-4cf2-8713-2b273ace176b Prelogin error: host localhost port 1433 Error reading prelogin response: Connection reset ClientConnectionId:f803a495-2989-4cf2-8713-2b273ace176b
nov 09, 2025 10:58:30 AM com.microsoft.sqlserver.jdbc.SQLServerConnection prelogin
WARNING: ConnectionID:36 ClientConnectionId: 23d50572-da35-4201-a5ac-98a9c1be02a3 Prelogin error: host localhost port 1433 Error reading prelogin response: Connection reset ClientConnectionId:23d50572-da35-4201-a5ac-98a9c1be02a3
nov 09, 2025 10:58:30 AM com.microsoft.sqlserver.jdbc.SQLServerConnection prelogin
WARNING: ConnectionID:37 ClientConnectionId: 7f5d78b2-f4bf-4f5a-a09c-22e8895c725d Prelogin error: host localhost port 1433 Error reading prelogin response: Connection reset ClientConnectionId:7f5d78b2-f4bf-4f5a-a09c-22e8895c725d
nov 09, 2025 10:58:30 AM com.microsoft.sqlserver.jdbc.SQLServerConnection prelogin
WARNING: ConnectionID:37 ClientConnectionId: 1270f88e-a4c0-48ec-9e16-0ad75e8633de Prelogin error: host localhost port 1433 Error reading prelogin response: Connection reset ClientConnectionId:1270f88e-a4c0-48ec-9e16-0ad75e8633de
nov 09, 2025 10:58:30 AM com.microsoft.sqlserver.jdbc.SQLServerConnection prelogin
WARNING: ConnectionID:38 ClientConnectionId: 94d7328b-b2b9-45d0-9c76-8775194a3b6e Prelogin error: host localhost port 1433 Unexpected end of prelogin response after 0 bytes read
nov 09, 2025 10:58:30 AM com.microsoft.sqlserver.jdbc.SQLServerConnection prelogin
WARNING: ConnectionID:38 ClientConnectionId: be545373-731c-4786-a58b-dbee2554d3fb Prelogin error: host localhost port 1433 Error reading prelogin response: Connection reset ClientConnectionId:be545373-731c-4786-a58b-dbee2554d3fb
nov 09, 2025 10:58:30 AM com.microsoft.sqlserver.jdbc.SQLServerConnection prelogin
WARNING: ConnectionID:39 ClientConnectionId: 23742fbf-f275-46f7-91a7-be6be7d3d17e Prelogin error: host localhost port 1433 Unexpected end of prelogin response after 0 bytes read
nov 09, 2025 10:58:30 AM com.microsoft.sqlserver.jdbc.SQLServerConnection prelogin
WARNING: ConnectionID:39 ClientConnectionId: 73c43fe8-59f0-4258-889f-fd7b8ee07b6d Prelogin error: host localhost port 1433 Error reading prelogin response: Connection reset ClientConnectionId:73c43fe8-59f0-4258-889f-fd7b8ee07b6d
nov 09, 2025 10:58:30 AM com.microsoft.sqlserver.jdbc.SQLServerConnection prelogin
WARNING: ConnectionID:40 ClientConnectionId: 787d9b30-6808-437c-b9dd-2a3397ccf8ee Prelogin error: host localhost port 1433 Unexpected end of prelogin response after 0 bytes read
nov 09, 2025 10:58:30 AM com.microsoft.sqlserver.jdbc.SQLServerConnection prelogin
WARNING: ConnectionID:40 ClientConnectionId: 65a50f3c-f0f9-430b-9017-5ff0b6fd4365 Prelogin error: host localhost port 1433 Error reading prelogin response: Connection reset ClientConnectionId:65a50f3c-f0f9-430b-9017-5ff0b6fd4365
nov 09, 2025 10:58:30 AM com.microsoft.sqlserver.jdbc.SQLServerConnection prelogin
WARNING: ConnectionID:41 ClientConnectionId: 63fc62ba-790a-492a-a4a6-0a4036b028b6 Prelogin error: host localhost port 1433 Error reading prelogin response: Connection reset ClientConnectionId:63fc62ba-790a-492a-a4a6-0a4036b028b6
nov 09, 2025 10:58:30 AM com.microsoft.sqlserver.jdbc.SQLServerConnection prelogin
WARNING: ConnectionID:41 ClientConnectionId: e187e077-5b81-4d68-aecd-729fb98b9636 Prelogin error: host localhost port 1433 Error reading prelogin response: Connection reset ClientConnectionId:e187e077-5b81-4d68-aecd-729fb98b9636
nov 09, 2025 10:58:31 AM com.microsoft.sqlserver.jdbc.SQLServerConnection prelogin
WARNING: ConnectionID:42 ClientConnectionId: 46513c61-6cfe-4af8-904c-01cec12c2480 Prelogin error: host localhost port 1433 Unexpected end of prelogin response after 0 bytes read
nov 09, 2025 10:58:31 AM com.microsoft.sqlserver.jdbc.SQLServerConnection prelogin
WARNING: ConnectionID:42 ClientConnectionId: 781504d4-665b-4905-aae6-9b6608edc9c6 Prelogin error: host localhost port 1433 Unexpected end of prelogin response after 0 bytes read
nov 09, 2025 10:58:31 AM com.microsoft.sqlserver.jdbc.SQLServerConnection prelogin
WARNING: ConnectionID:43 ClientConnectionId: f1742578-67c5-48bd-b9c7-255fd1ca7bf4 Prelogin error: host localhost port 1433 Error reading prelogin response: Connection reset ClientConnectionId:f1742578-67c5-48bd-b9c7-255fd1ca7bf4
nov 09, 2025 10:58:31 AM com.microsoft.sqlserver.jdbc.SQLServerConnection prelogin
WARNING: ConnectionID:43 ClientConnectionId: 7a441a1b-9510-429d-97fd-31c39feb2dfc Prelogin error: host localhost port 1433 Error reading prelogin response: Connection reset ClientConnectionId:7a441a1b-9510-429d-97fd-31c39feb2dfc
nov 09, 2025 10:58:31 AM com.microsoft.sqlserver.jdbc.SQLServerConnection prelogin
WARNING: ConnectionID:44 ClientConnectionId: 2d1642bf-b65a-4ffd-8af5-bc0f025b964e Prelogin error: host localhost port 1433 Unexpected end of prelogin response after 0 bytes read
nov 09, 2025 10:58:31 AM com.microsoft.sqlserver.jdbc.SQLServerConnection prelogin
WARNING: ConnectionID:44 ClientConnectionId: 3d116687-a422-4485-873e-093b7003c360 Prelogin error: host localhost port 1433 Error reading prelogin response: Connection reset ClientConnectionId:3d116687-a422-4485-873e-093b7003c360
nov 09, 2025 10:58:31 AM com.microsoft.sqlserver.jdbc.SQLServerConnection prelogin
WARNING: ConnectionID:45 ClientConnectionId: 424994af-f00a-4130-a6e6-076ff5948cae Prelogin error: host localhost port 1433 Error reading prelogin response: Connection reset ClientConnectionId:424994af-f00a-4130-a6e6-076ff5948cae
nov 09, 2025 10:58:31 AM com.microsoft.sqlserver.jdbc.SQLServerConnection prelogin
WARNING: ConnectionID:45 ClientConnectionId: ec7252e6-8bb0-4cde-ace0-dd3d8a167246 Prelogin error: host localhost port 1433 Error reading prelogin response: Connection reset ClientConnectionId:ec7252e6-8bb0-4cde-ace0-dd3d8a167246
nov 09, 2025 10:58:31 AM com.microsoft.sqlserver.jdbc.SQLServerConnection prelogin
WARNING: ConnectionID:46 ClientConnectionId: 4e3dd0b3-2a3c-433f-9da5-be7945ca74d4 Prelogin error: host localhost port 1433 Unexpected end of prelogin response after 0 bytes read
nov 09, 2025 10:58:31 AM com.microsoft.sqlserver.jdbc.SQLServerConnection prelogin
WARNING: ConnectionID:46 ClientConnectionId: 24b0a962-e1d3-4c20-93f9-af9be3417288 Prelogin error: host localhost port 1433 Unexpected end of prelogin response after 0 bytes read
nov 09, 2025 10:58:31 AM com.microsoft.sqlserver.jdbc.SQLServerConnection prelogin
WARNING: ConnectionID:47 ClientConnectionId: e4ced930-32f6-47d9-9bfa-0c255c1e5de4 Prelogin error: host localhost port 1433 Unexpected end of prelogin response after 0 bytes read
nov 09, 2025 10:58:31 AM com.microsoft.sqlserver.jdbc.SQLServerConnection prelogin
WARNING: ConnectionID:47 ClientConnectionId: 538e4ab4-d391-45f2-a50a-f920879a22a2 Prelogin error: host localhost port 1433 Error reading prelogin response: Connection reset ClientConnectionId:538e4ab4-d391-45f2-a50a-f920879a22a2
nov 09, 2025 10:58:31 AM com.microsoft.sqlserver.jdbc.SQLServerConnection prelogin
WARNING: ConnectionID:48 ClientConnectionId: 96c7f1de-88cd-4302-a814-e3b939b7dc83 Prelogin error: host localhost port 1433 Error reading prelogin response: Connection reset ClientConnectionId:96c7f1de-88cd-4302-a814-e3b939b7dc83
nov 09, 2025 10:58:31 AM com.microsoft.sqlserver.jdbc.SQLServerConnection prelogin
WARNING: ConnectionID:48 ClientConnectionId: 679417f0-b721-4016-819f-aa3da62707ea Prelogin error: host localhost port 1433 Error reading prelogin response: Connection reset ClientConnectionId:679417f0-b721-4016-819f-aa3da62707ea
nov 09, 2025 10:58:31 AM com.microsoft.sqlserver.jdbc.SQLServerConnection prelogin
WARNING: ConnectionID:49 ClientConnectionId: 7046c77b-c81e-4a34-8274-7dadd113ef87 Prelogin error: host localhost port 1433 Unexpected end of prelogin response after 0 bytes read
nov 09, 2025 10:58:31 AM com.microsoft.sqlserver.jdbc.SQLServerConnection prelogin
WARNING: ConnectionID:49 ClientConnectionId: ee9cb3a6-4f81-4c57-bd04-104f6af69493 Prelogin error: host localhost port 1433 Unexpected end of prelogin response after 0 bytes read
nov 09, 2025 10:58:31 AM com.microsoft.sqlserver.jdbc.SQLServerConnection prelogin
WARNING: ConnectionID:50 ClientConnectionId: c0e2c322-dc7b-4a05-b183-bc40bde254b1 Prelogin error: host localhost port 1433 Error reading prelogin response: Connection reset ClientConnectionId:c0e2c322-dc7b-4a05-b183-bc40bde254b1
nov 09, 2025 10:58:31 AM com.microsoft.sqlserver.jdbc.SQLServerConnection prelogin
WARNING: ConnectionID:50 ClientConnectionId: 8096dd9f-5d24-4461-9d62-bc0d2aa9495d Prelogin error: host localhost port 1433 Error reading prelogin response: Connection reset ClientConnectionId:8096dd9f-5d24-4461-9d62-bc0d2aa9495d
nov 09, 2025 10:58:32 AM com.microsoft.sqlserver.jdbc.SQLServerConnection prelogin
WARNING: ConnectionID:51 ClientConnectionId: d4409626-05c7-4f3e-b48f-1ef88847922f Prelogin error: host localhost port 1433 Unexpected end of prelogin response after 0 bytes read
nov 09, 2025 10:58:32 AM com.microsoft.sqlserver.jdbc.SQLServerConnection prelogin
WARNING: ConnectionID:51 ClientConnectionId: afc0f804-7896-4cb9-8847-5b961b1631a4 Prelogin error: host localhost port 1433 Unexpected end of prelogin response after 0 bytes read
nov 09, 2025 10:58:32 AM com.microsoft.sqlserver.jdbc.SQLServerConnection prelogin
WARNING: ConnectionID:52 ClientConnectionId: 620150d7-2110-47c0-9d94-6aabc7e88c74 Prelogin error: host localhost port 1433 Unexpected end of prelogin response after 0 bytes read
nov 09, 2025 10:58:32 AM com.microsoft.sqlserver.jdbc.SQLServerConnection prelogin
WARNING: ConnectionID:52 ClientConnectionId: abd3f942-0703-4349-a55d-c1ed3fe16f58 Prelogin error: host localhost port 1433 Error reading prelogin response: Connection reset ClientConnectionId:abd3f942-0703-4349-a55d-c1ed3fe16f58
nov 09, 2025 10:58:32 AM com.microsoft.sqlserver.jdbc.SQLServerConnection prelogin
WARNING: ConnectionID:53 ClientConnectionId: d0bd192e-7748-4ac1-bac4-ea4beb4bf635 Prelogin error: host localhost port 1433 Error reading prelogin response: Connection reset ClientConnectionId:d0bd192e-7748-4ac1-bac4-ea4beb4bf635
nov 09, 2025 10:58:32 AM com.microsoft.sqlserver.jdbc.SQLServerConnection prelogin
WARNING: ConnectionID:53 ClientConnectionId: 500eff68-8d1b-4e38-8ba8-c3bcc733ea4a Prelogin error: host localhost port 1433 Error reading prelogin response: Connection reset ClientConnectionId:500eff68-8d1b-4e38-8ba8-c3bcc733ea4a
nov 09, 2025 10:58:32 AM com.microsoft.sqlserver.jdbc.SQLServerConnection prelogin
WARNING: ConnectionID:54 ClientConnectionId: 67bb3936-48a5-4b39-8ebb-c9d4b174f1a5 Prelogin error: host localhost port 1433 Error reading prelogin response: Connection reset ClientConnectionId:67bb3936-48a5-4b39-8ebb-c9d4b174f1a5
nov 09, 2025 10:58:32 AM com.microsoft.sqlserver.jdbc.SQLServerConnection prelogin
WARNING: ConnectionID:54 ClientConnectionId: a04bff9c-77fd-47dc-88b7-1c11e294c783 Prelogin error: host localhost port 1433 Error reading prelogin response: Connection reset ClientConnectionId:a04bff9c-77fd-47dc-88b7-1c11e294c783
nov 09, 2025 10:58:32 AM com.microsoft.sqlserver.jdbc.SQLServerConnection prelogin
WARNING: ConnectionID:55 ClientConnectionId: cf18311e-8dc2-409b-bbea-58a3c0e4bb3e Prelogin error: host localhost port 1433 Error reading prelogin response: Connection reset ClientConnectionId:cf18311e-8dc2-409b-bbea-58a3c0e4bb3e
nov 09, 2025 10:58:32 AM com.microsoft.sqlserver.jdbc.SQLServerConnection prelogin
WARNING: ConnectionID:55 ClientConnectionId: c62a1433-cfb4-4f60-a3fb-b8ee52ff40a5 Prelogin error: host localhost port 1433 Unexpected end of prelogin response after 0 bytes read
nov 09, 2025 10:58:32 AM com.microsoft.sqlserver.jdbc.SQLServerConnection prelogin
WARNING: ConnectionID:56 ClientConnectionId: 1ddbfc86-ce34-45eb-a876-7dfff2fc77a1 Prelogin error: host localhost port 1433 Unexpected end of prelogin response after 0 bytes read
nov 09, 2025 10:58:32 AM com.microsoft.sqlserver.jdbc.SQLServerConnection prelogin
WARNING: ConnectionID:56 ClientConnectionId: e52b3758-dbd8-421d-ae7f-5479baf55820 Prelogin error: host localhost port 1433 Unexpected end of prelogin response after 0 bytes read
nov 09, 2025 10:58:32 AM com.microsoft.sqlserver.jdbc.SQLServerConnection prelogin
WARNING: ConnectionID:57 ClientConnectionId: eedcebdf-2557-40f8-b0ee-0edbd430371e Prelogin error: host localhost port 1433 Unexpected end of prelogin response after 0 bytes read
nov 09, 2025 10:58:32 AM com.microsoft.sqlserver.jdbc.SQLServerConnection prelogin
WARNING: ConnectionID:57 ClientConnectionId: fafcc6ac-92fd-469a-a3eb-57cc705812e3 Prelogin error: host localhost port 1433 Unexpected end of prelogin response after 0 bytes read
nov 09, 2025 10:58:32 AM com.microsoft.sqlserver.jdbc.SQLServerConnection prelogin
WARNING: ConnectionID:58 ClientConnectionId: 746034fe-9d81-4266-a4dc-f10bcd48a13c Prelogin error: host localhost port 1433 Unexpected end of prelogin response after 0 bytes read
nov 09, 2025 10:58:32 AM com.microsoft.sqlserver.jdbc.SQLServerConnection prelogin
WARNING: ConnectionID:58 ClientConnectionId: 5a866d05-9b02-4256-96db-1ee232b0c41b Prelogin error: host localhost port 1433 Error reading prelogin response: Connection reset ClientConnectionId:5a866d05-9b02-4256-96db-1ee232b0c41b
nov 09, 2025 10:58:32 AM com.microsoft.sqlserver.jdbc.SQLServerConnection prelogin
WARNING: ConnectionID:59 ClientConnectionId: 5acf71a9-a880-491b-8c6b-ae5df5f8e536 Prelogin error: host localhost port 1433 Unexpected end of prelogin response after 0 bytes read
nov 09, 2025 10:58:32 AM com.microsoft.sqlserver.jdbc.SQLServerConnection prelogin
WARNING: ConnectionID:59 ClientConnectionId: 51e59eae-1559-4800-a9cf-4cff5aad8e54 Prelogin error: host localhost port 1433 Error reading prelogin response: Connection reset ClientConnectionId:51e59eae-1559-4800-a9cf-4cff5aad8e54
nov 09, 2025 10:58:33 AM com.microsoft.sqlserver.jdbc.SQLServerConnection prelogin
WARNING: ConnectionID:60 ClientConnectionId: bdc32b1e-b65a-4c87-8cbb-333c3e038a6c Prelogin error: host localhost port 1433 Error reading prelogin response: Connection reset ClientConnectionId:bdc32b1e-b65a-4c87-8cbb-333c3e038a6c
nov 09, 2025 10:58:33 AM com.microsoft.sqlserver.jdbc.SQLServerConnection prelogin
WARNING: ConnectionID:60 ClientConnectionId: 010ea9f5-b0e5-42bb-8971-2f4c2eaefe6a Prelogin error: host localhost port 1433 Error reading prelogin response: Connection reset ClientConnectionId:010ea9f5-b0e5-42bb-8971-2f4c2eaefe6a
nov 09, 2025 10:58:33 AM com.microsoft.sqlserver.jdbc.SQLServerConnection prelogin
WARNING: ConnectionID:61 ClientConnectionId: 554c3b28-2130-4a58-b050-d38f13f66cf3 Prelogin error: host localhost port 1433 Unexpected end of prelogin response after 0 bytes read
nov 09, 2025 10:58:33 AM com.microsoft.sqlserver.jdbc.SQLServerConnection prelogin
WARNING: ConnectionID:61 ClientConnectionId: debe5b31-6dff-4ddf-b4c3-b02f6ef135f0 Prelogin error: host localhost port 1433 Unexpected end of prelogin response after 0 bytes read
nov 09, 2025 10:58:33 AM com.microsoft.sqlserver.jdbc.SQLServerConnection prelogin
WARNING: ConnectionID:62 ClientConnectionId: fc356c27-eff2-40ab-ba2f-b18a49bf440a Prelogin error: host localhost port 1433 Unexpected end of prelogin response after 0 bytes read
nov 09, 2025 10:58:33 AM com.microsoft.sqlserver.jdbc.SQLServerConnection prelogin
WARNING: ConnectionID:62 ClientConnectionId: dcdc18b7-d4f7-4132-a258-1bda3f74fb9e Prelogin error: host localhost port 1433 Unexpected end of prelogin response after 0 bytes read
nov 09, 2025 10:58:33 AM com.microsoft.sqlserver.jdbc.SQLServerConnection prelogin
WARNING: ConnectionID:63 ClientConnectionId: 8e4c814d-5d48-4b4b-b373-7f8e8ded55a1 Prelogin error: host localhost port 1433 Unexpected end of prelogin response after 0 bytes read
nov 09, 2025 10:58:33 AM com.microsoft.sqlserver.jdbc.SQLServerConnection prelogin
WARNING: ConnectionID:63 ClientConnectionId: cd40f12a-3add-454c-b34f-30765f591655 Prelogin error: host localhost port 1433 Unexpected end of prelogin response after 0 bytes read
nov 09, 2025 10:58:33 AM com.microsoft.sqlserver.jdbc.SQLServerConnection prelogin
WARNING: ConnectionID:64 ClientConnectionId: f10230c5-8339-4bcf-bec7-30732a87bbbd Prelogin error: host localhost port 1433 Unexpected end of prelogin response after 0 bytes read
nov 09, 2025 10:58:33 AM com.microsoft.sqlserver.jdbc.SQLServerConnection prelogin
WARNING: ConnectionID:64 ClientConnectionId: 6e0ecc52-972d-4174-a49b-258ccb7677c4 Prelogin error: host localhost port 1433 Unexpected end of prelogin response after 0 bytes read
nov 09, 2025 10:58:33 AM com.microsoft.sqlserver.jdbc.SQLServerConnection prelogin
WARNING: ConnectionID:65 ClientConnectionId: 1fdc7494-d54c-4bbd-b630-dfcd83a2e29c Prelogin error: host localhost port 1433 Unexpected end of prelogin response after 0 bytes read
nov 09, 2025 10:58:33 AM com.microsoft.sqlserver.jdbc.SQLServerConnection prelogin
WARNING: ConnectionID:65 ClientConnectionId: 75d47903-ebbd-41e6-84de-0cd8b39df34f Prelogin error: host localhost port 1433 Unexpected end of prelogin response after 0 bytes read
nov 09, 2025 10:58:33 AM com.microsoft.sqlserver.jdbc.SQLServerConnection prelogin
WARNING: ConnectionID:66 ClientConnectionId: f6c8ff65-f4b1-44dc-a043-d58c09753e2a Prelogin error: host localhost port 1433 Unexpected end of prelogin response after 0 bytes read
nov 09, 2025 10:58:33 AM com.microsoft.sqlserver.jdbc.SQLServerConnection prelogin
WARNING: ConnectionID:66 ClientConnectionId: 59a84b17-f4e6-4695-ba35-d1451d7d9a47 Prelogin error: host localhost port 1433 Unexpected end of prelogin response after 0 bytes read
nov 09, 2025 10:58:33 AM com.microsoft.sqlserver.jdbc.SQLServerConnection prelogin
WARNING: ConnectionID:67 ClientConnectionId: ef31828a-54dc-4043-ac7f-d204fffa6282 Prelogin error: host localhost port 1433 Unexpected end of prelogin response after 0 bytes read
nov 09, 2025 10:58:33 AM com.microsoft.sqlserver.jdbc.SQLServerConnection prelogin
WARNING: ConnectionID:67 ClientConnectionId: 7ee0a0af-bee2-413f-9df1-faf0f7bc92ec Prelogin error: host localhost port 1433 Unexpected end of prelogin response after 0 bytes read
nov 09, 2025 10:58:33 AM com.microsoft.sqlserver.jdbc.SQLServerConnection prelogin
WARNING: ConnectionID:68 ClientConnectionId: 7a6c288a-63dd-4c5d-90fe-142f88da043f Prelogin error: host localhost port 1433 Error reading prelogin response: Connection reset ClientConnectionId:7a6c288a-63dd-4c5d-90fe-142f88da043f
nov 09, 2025 10:58:33 AM com.microsoft.sqlserver.jdbc.SQLServerConnection prelogin
WARNING: ConnectionID:68 ClientConnectionId: 742a1f3c-4405-4cba-8258-70bdf4c9cf05 Prelogin error: host localhost port 1433 Error reading prelogin response: Connection reset ClientConnectionId:742a1f3c-4405-4cba-8258-70bdf4c9cf05
nov 09, 2025 10:58:33 AM com.microsoft.sqlserver.jdbc.SQLServerConnection prelogin
WARNING: ConnectionID:69 ClientConnectionId: 19ce829a-ed6c-4df3-9714-f93080a8a546 Prelogin error: host localhost port 1433 Unexpected end of prelogin response after 0 bytes read
nov 09, 2025 10:58:33 AM com.microsoft.sqlserver.jdbc.SQLServerConnection prelogin
WARNING: ConnectionID:69 ClientConnectionId: 319a6e58-c207-4e21-a8c0-6c55d7f49b50 Prelogin error: host localhost port 1433 Error reading prelogin response: Connection reset ClientConnectionId:319a6e58-c207-4e21-a8c0-6c55d7f49b50
nov 09, 2025 10:58:34 AM com.microsoft.sqlserver.jdbc.SQLServerConnection prelogin
WARNING: ConnectionID:70 ClientConnectionId: 60857022-eddc-4171-bd52-5efd73baba09 Prelogin error: host localhost port 1433 Error reading prelogin response: Connection reset ClientConnectionId:60857022-eddc-4171-bd52-5efd73baba09
nov 09, 2025 10:58:34 AM com.microsoft.sqlserver.jdbc.SQLServerConnection prelogin
WARNING: ConnectionID:70 ClientConnectionId: 50270430-c224-4537-926b-4c5d49004b15 Prelogin error: host localhost port 1433 Error reading prelogin response: Connection reset ClientConnectionId:50270430-c224-4537-926b-4c5d49004b15
nov 09, 2025 10:58:34 AM com.microsoft.sqlserver.jdbc.SQLServerConnection prelogin
WARNING: ConnectionID:71 ClientConnectionId: 8a3312fb-ed46-448b-8c9e-ca07e6ac2c48 Prelogin error: host localhost port 1433 Unexpected end of prelogin response after 0 bytes read
nov 09, 2025 10:58:34 AM com.microsoft.sqlserver.jdbc.SQLServerConnection prelogin
WARNING: ConnectionID:71 ClientConnectionId: 53d261dd-3e91-40f3-ba3f-bf60c5cf2791 Prelogin error: host localhost port 1433 Unexpected end of prelogin response after 0 bytes read
nov 09, 2025 10:58:34 AM com.microsoft.sqlserver.jdbc.SQLServerConnection prelogin
WARNING: ConnectionID:72 ClientConnectionId: 260f0638-c340-414c-9e9e-a242c5a957eb Prelogin error: host localhost port 1433 Unexpected end of prelogin response after 0 bytes read
nov 09, 2025 10:58:34 AM com.microsoft.sqlserver.jdbc.SQLServerConnection prelogin
WARNING: ConnectionID:72 ClientConnectionId: 04cab8ae-e95e-4439-964e-cbaf43b9ca11 Prelogin error: host localhost port 1433 Error reading prelogin response: Connection reset ClientConnectionId:04cab8ae-e95e-4439-964e-cbaf43b9ca11
nov 09, 2025 10:58:34 AM com.microsoft.sqlserver.jdbc.SQLServerConnection prelogin
WARNING: ConnectionID:73 ClientConnectionId: fd7a235b-ee53-492d-9510-5dd7ab72d61b Prelogin error: host localhost port 1433 Unexpected end of prelogin response after 0 bytes read
nov 09, 2025 10:58:34 AM com.microsoft.sqlserver.jdbc.SQLServerConnection prelogin
WARNING: ConnectionID:73 ClientConnectionId: 18e10524-022c-4624-b5c2-774dee3b7aa4 Prelogin error: host localhost port 1433 Error reading prelogin response: Connection reset ClientConnectionId:18e10524-022c-4624-b5c2-774dee3b7aa4
nov 09, 2025 10:58:34 AM com.microsoft.sqlserver.jdbc.SQLServerConnection prelogin
WARNING: ConnectionID:74 ClientConnectionId: 33ec36fc-c850-4bb6-a670-8b1a2fb0dc60 Prelogin error: host localhost port 1433 Error reading prelogin response: Connection reset ClientConnectionId:33ec36fc-c850-4bb6-a670-8b1a2fb0dc60
nov 09, 2025 10:58:34 AM com.microsoft.sqlserver.jdbc.SQLServerConnection prelogin
WARNING: ConnectionID:74 ClientConnectionId: 082f9e4a-d59b-47af-8c05-e92d464aba5c Prelogin error: host localhost port 1433 Unexpected end of prelogin response after 0 bytes read
nov 09, 2025 10:58:34 AM com.microsoft.sqlserver.jdbc.SQLServerConnection prelogin
WARNING: ConnectionID:75 ClientConnectionId: a6b9f303-82a3-4609-bf71-aee6a3029477 Prelogin error: host localhost port 1433 Unexpected end of prelogin response after 0 bytes read
nov 09, 2025 10:58:34 AM com.microsoft.sqlserver.jdbc.SQLServerConnection prelogin
WARNING: ConnectionID:75 ClientConnectionId: 4aafc8b1-e071-4770-be7f-d8f4d34440f7 Prelogin error: host localhost port 1433 Error reading prelogin response: Connection reset ClientConnectionId:4aafc8b1-e071-4770-be7f-d8f4d34440f7
nov 09, 2025 10:58:34 AM com.microsoft.sqlserver.jdbc.SQLServerConnection prelogin
WARNING: ConnectionID:76 ClientConnectionId: 15b1be10-fbc5-4a3a-83bf-1e7fda4df643 Prelogin error: host localhost port 1433 Error reading prelogin response: Connection reset ClientConnectionId:15b1be10-fbc5-4a3a-83bf-1e7fda4df643
nov 09, 2025 10:58:34 AM com.microsoft.sqlserver.jdbc.SQLServerConnection prelogin
WARNING: ConnectionID:76 ClientConnectionId: 3c1ac271-cb0b-4c14-aac6-a79b82cc2c7b Prelogin error: host localhost port 1433 Error reading prelogin response: Connection reset ClientConnectionId:3c1ac271-cb0b-4c14-aac6-a79b82cc2c7b
nov 09, 2025 10:58:34 AM com.microsoft.sqlserver.jdbc.SQLServerConnection prelogin
WARNING: ConnectionID:77 ClientConnectionId: 73f5f64d-3d82-44cc-9ec9-76fc74cfbbd0 Prelogin error: host localhost port 1433 Error reading prelogin response: Connection reset ClientConnectionId:73f5f64d-3d82-44cc-9ec9-76fc74cfbbd0
nov 09, 2025 10:58:34 AM com.microsoft.sqlserver.jdbc.SQLServerConnection prelogin
WARNING: ConnectionID:77 ClientConnectionId: b719f7df-f79f-46c3-8d8f-fbc1871828c5 Prelogin error: host localhost port 1433 Unexpected end of prelogin response after 0 bytes read
nov 09, 2025 10:58:34 AM com.microsoft.sqlserver.jdbc.SQLServerConnection prelogin
WARNING: ConnectionID:78 ClientConnectionId: fecf10d6-1bef-4973-9762-bb1e42b23b71 Prelogin error: host localhost port 1433 Error reading prelogin response: Connection reset ClientConnectionId:fecf10d6-1bef-4973-9762-bb1e42b23b71
nov 09, 2025 10:58:34 AM com.microsoft.sqlserver.jdbc.SQLServerConnection prelogin
WARNING: ConnectionID:78 ClientConnectionId: 53bb10d2-aa14-422d-a691-db6bd5f4fd8a Prelogin error: host localhost port 1433 Error reading prelogin response: Connection reset ClientConnectionId:53bb10d2-aa14-422d-a691-db6bd5f4fd8a
nov 09, 2025 10:58:35 AM com.microsoft.sqlserver.jdbc.SQLServerConnection prelogin
WARNING: ConnectionID:79 ClientConnectionId: 4898045e-b0f4-4c4b-bb40-b0e104a69e09 Prelogin error: host localhost port 1433 Error reading prelogin response: Connection reset ClientConnectionId:4898045e-b0f4-4c4b-bb40-b0e104a69e09
nov 09, 2025 10:58:35 AM com.microsoft.sqlserver.jdbc.SQLServerConnection prelogin
WARNING: ConnectionID:79 ClientConnectionId: 9f2c4320-6dfb-476d-ba10-b033abacc4d4 Prelogin error: host localhost port 1433 Error reading prelogin response: Connection reset ClientConnectionId:9f2c4320-6dfb-476d-ba10-b033abacc4d4
nov 09, 2025 10:58:35 AM com.microsoft.sqlserver.jdbc.SQLServerConnection prelogin
WARNING: ConnectionID:80 ClientConnectionId: 39b6dfa5-75fd-4816-a01c-4e67a658cba1 Prelogin error: host localhost port 1433 Error reading prelogin response: Connection reset ClientConnectionId:39b6dfa5-75fd-4816-a01c-4e67a658cba1
nov 09, 2025 10:58:35 AM com.microsoft.sqlserver.jdbc.SQLServerConnection prelogin
WARNING: ConnectionID:80 ClientConnectionId: 0e4e10ea-99c3-4ef4-8bad-a72745e04faa Prelogin error: host localhost port 1433 Unexpected end of prelogin response after 0 bytes read
nov 09, 2025 10:58:35 AM com.microsoft.sqlserver.jdbc.SQLServerConnection prelogin
WARNING: ConnectionID:81 ClientConnectionId: e6f7c76a-4513-416a-b0b1-b4c0f4c014f6 Prelogin error: host localhost port 1433 Error reading prelogin response: Connection reset ClientConnectionId:e6f7c76a-4513-416a-b0b1-b4c0f4c014f6
nov 09, 2025 10:58:35 AM com.microsoft.sqlserver.jdbc.SQLServerConnection prelogin
WARNING: ConnectionID:81 ClientConnectionId: 76abc6f2-9150-43de-8cd3-1664e85deb36 Prelogin error: host localhost port 1433 Error reading prelogin response: Connection reset ClientConnectionId:76abc6f2-9150-43de-8cd3-1664e85deb36
nov 09, 2025 10:58:35 AM com.microsoft.sqlserver.jdbc.SQLServerConnection prelogin
WARNING: ConnectionID:82 ClientConnectionId: 83bc10ad-47f3-4d6d-99af-45203e31e5af Prelogin error: host localhost port 1433 Error reading prelogin response: Connection reset ClientConnectionId:83bc10ad-47f3-4d6d-99af-45203e31e5af
nov 09, 2025 10:58:35 AM com.microsoft.sqlserver.jdbc.SQLServerConnection prelogin
WARNING: ConnectionID:82 ClientConnectionId: 0a4f5819-deb2-47dd-8b1f-e90f50f29dcb Prelogin error: host localhost port 1433 Error reading prelogin response: Connection reset ClientConnectionId:0a4f5819-deb2-47dd-8b1f-e90f50f29dcb
nov 09, 2025 10:58:35 AM com.microsoft.sqlserver.jdbc.SQLServerConnection prelogin
WARNING: ConnectionID:83 ClientConnectionId: 901a7b6f-632f-40bf-af8e-7a03849e381c Prelogin error: host localhost port 1433 Error reading prelogin response: Connection reset ClientConnectionId:901a7b6f-632f-40bf-af8e-7a03849e381c
nov 09, 2025 10:58:35 AM com.microsoft.sqlserver.jdbc.SQLServerConnection prelogin
WARNING: ConnectionID:83 ClientConnectionId: b2b23a8f-b7d7-440a-9db9-ddb56f68ffdf Prelogin error: host localhost port 1433 Unexpected end of prelogin response after 0 bytes read
nov 09, 2025 10:58:35 AM com.microsoft.sqlserver.jdbc.SQLServerConnection prelogin
WARNING: ConnectionID:84 ClientConnectionId: 70047dc1-aa47-432a-8128-40c0cb390042 Prelogin error: host localhost port 1433 Error reading prelogin response: Connection reset ClientConnectionId:70047dc1-aa47-432a-8128-40c0cb390042
nov 09, 2025 10:58:35 AM com.microsoft.sqlserver.jdbc.SQLServerConnection prelogin
WARNING: ConnectionID:84 ClientConnectionId: 97f97890-d1b9-4974-bec7-d33e767a5917 Prelogin error: host localhost port 1433 Error reading prelogin response: Connection reset ClientConnectionId:97f97890-d1b9-4974-bec7-d33e767a5917
nov 09, 2025 10:58:35 AM com.microsoft.sqlserver.jdbc.SQLServerConnection prelogin
WARNING: ConnectionID:85 ClientConnectionId: abb5e3a6-33fb-4ff1-8845-a960b5e4de73 Prelogin error: host localhost port 1433 Error reading prelogin response: Connection reset ClientConnectionId:abb5e3a6-33fb-4ff1-8845-a960b5e4de73
nov 09, 2025 10:58:35 AM com.microsoft.sqlserver.jdbc.SQLServerConnection prelogin
WARNING: ConnectionID:85 ClientConnectionId: fd0eea7d-f8ef-4a02-b5c2-4024cf15363e Prelogin error: host localhost port 1433 Error reading prelogin response: Connection reset ClientConnectionId:fd0eea7d-f8ef-4a02-b5c2-4024cf15363e
nov 09, 2025 10:58:35 AM com.microsoft.sqlserver.jdbc.SQLServerConnection prelogin
WARNING: ConnectionID:86 ClientConnectionId: bef58b32-8a2d-4fd5-ba2a-1a39d7e873cf Prelogin error: host localhost port 1433 Error reading prelogin response: Connection reset ClientConnectionId:bef58b32-8a2d-4fd5-ba2a-1a39d7e873cf
nov 09, 2025 10:58:35 AM com.microsoft.sqlserver.jdbc.SQLServerConnection prelogin
WARNING: ConnectionID:86 ClientConnectionId: 2d7e3b44-fbc4-476d-8a34-b9c8be124906 Prelogin error: host localhost port 1433 Error reading prelogin response: Connection reset ClientConnectionId:2d7e3b44-fbc4-476d-8a34-b9c8be124906
nov 09, 2025 10:58:35 AM com.microsoft.sqlserver.jdbc.SQLServerConnection prelogin
WARNING: ConnectionID:87 ClientConnectionId: 19f60d4c-c09d-430a-b8f2-60fbb3da27f4 Prelogin error: host localhost port 1433 Error reading prelogin response: Connection reset ClientConnectionId:19f60d4c-c09d-430a-b8f2-60fbb3da27f4
nov 09, 2025 10:58:35 AM com.microsoft.sqlserver.jdbc.SQLServerConnection prelogin
WARNING: ConnectionID:87 ClientConnectionId: 6edc0e05-f8c8-423d-a79d-5113082aa40e Prelogin error: host localhost port 1433 Error reading prelogin response: Connection reset ClientConnectionId:6edc0e05-f8c8-423d-a79d-5113082aa40e
nov 09, 2025 10:58:36 AM com.microsoft.sqlserver.jdbc.SQLServerConnection prelogin
WARNING: ConnectionID:88 ClientConnectionId: 0b1ff2f5-251f-4d57-9a6e-8542a3cb338a Prelogin error: host localhost port 1433 Error reading prelogin response: Connection reset ClientConnectionId:0b1ff2f5-251f-4d57-9a6e-8542a3cb338a
nov 09, 2025 10:58:36 AM com.microsoft.sqlserver.jdbc.SQLServerConnection prelogin
WARNING: ConnectionID:88 ClientConnectionId: bfd570ff-356d-42c9-b920-4c30c871276a Prelogin error: host localhost port 1433 Error reading prelogin response: Connection reset ClientConnectionId:bfd570ff-356d-42c9-b920-4c30c871276a
nov 09, 2025 10:58:36 AM com.microsoft.sqlserver.jdbc.SQLServerConnection prelogin
WARNING: ConnectionID:89 ClientConnectionId: c8189087-fd00-4dd1-80e5-464f8d8225f2 Prelogin error: host localhost port 1433 Error reading prelogin response: Connection reset ClientConnectionId:c8189087-fd00-4dd1-80e5-464f8d8225f2
nov 09, 2025 10:58:36 AM com.microsoft.sqlserver.jdbc.SQLServerConnection prelogin
WARNING: ConnectionID:89 ClientConnectionId: 08970a4c-7953-4670-8c6d-16e2d2db4a8d Prelogin error: host localhost port 1433 Error reading prelogin response: Connection reset ClientConnectionId:08970a4c-7953-4670-8c6d-16e2d2db4a8d
nov 09, 2025 10:58:36 AM com.microsoft.sqlserver.jdbc.SQLServerConnection prelogin
WARNING: ConnectionID:90 ClientConnectionId: 38a7b2e7-7f8a-4535-aa91-d81668b1bce9 Prelogin error: host localhost port 1433 Error reading prelogin response: Connection reset ClientConnectionId:38a7b2e7-7f8a-4535-aa91-d81668b1bce9
nov 09, 2025 10:58:36 AM com.microsoft.sqlserver.jdbc.SQLServerConnection prelogin
WARNING: ConnectionID:90 ClientConnectionId: 13626692-8bfb-417e-89c0-2a7878ee27db Prelogin error: host localhost port 1433 Error reading prelogin response: Connection reset ClientConnectionId:13626692-8bfb-417e-89c0-2a7878ee27db
nov 09, 2025 10:58:36 AM com.microsoft.sqlserver.jdbc.SQLServerConnection prelogin
WARNING: ConnectionID:91 ClientConnectionId: cc825406-ba31-4f3a-8475-f137df5341e8 Prelogin error: host localhost port 1433 Error reading prelogin response: Connection reset ClientConnectionId:cc825406-ba31-4f3a-8475-f137df5341e8
nov 09, 2025 10:58:36 AM com.microsoft.sqlserver.jdbc.SQLServerConnection prelogin
WARNING: ConnectionID:91 ClientConnectionId: 250f846b-c494-4cef-82c3-d8a47f27f355 Prelogin error: host localhost port 1433 Unexpected end of prelogin response after 0 bytes read
nov 09, 2025 10:58:36 AM com.microsoft.sqlserver.jdbc.SQLServerConnection prelogin
WARNING: ConnectionID:92 ClientConnectionId: eada1a72-249a-46d4-9577-c8b3fa0adf0c Prelogin error: host localhost port 1433 Error reading prelogin response: Connection reset ClientConnectionId:eada1a72-249a-46d4-9577-c8b3fa0adf0c
nov 09, 2025 10:58:36 AM com.microsoft.sqlserver.jdbc.SQLServerConnection prelogin
WARNING: ConnectionID:92 ClientConnectionId: 01ccf081-6c9b-4ab2-9221-65a400fe2792 Prelogin error: host localhost port 1433 Error reading prelogin response: Connection reset ClientConnectionId:01ccf081-6c9b-4ab2-9221-65a400fe2792
nov 09, 2025 10:58:36 AM com.microsoft.sqlserver.jdbc.SQLServerConnection prelogin
WARNING: ConnectionID:93 ClientConnectionId: c45ec86f-d21f-4823-93ac-9f686bc1e576 Prelogin error: host localhost port 1433 Error reading prelogin response: Connection reset ClientConnectionId:c45ec86f-d21f-4823-93ac-9f686bc1e576
nov 09, 2025 10:58:36 AM com.microsoft.sqlserver.jdbc.SQLServerConnection prelogin
WARNING: ConnectionID:93 ClientConnectionId: 8da4f4a3-8814-41ca-b0ff-9c0dfbe90c13 Prelogin error: host localhost port 1433 Error reading prelogin response: Connection reset ClientConnectionId:8da4f4a3-8814-41ca-b0ff-9c0dfbe90c13
nov 09, 2025 10:58:36 AM com.microsoft.sqlserver.jdbc.SQLServerConnection prelogin
WARNING: ConnectionID:94 ClientConnectionId: 18c83384-87fd-479e-9434-e4f7dd9bdda6 Prelogin error: host localhost port 1433 Error reading prelogin response: Connection reset ClientConnectionId:18c83384-87fd-479e-9434-e4f7dd9bdda6
nov 09, 2025 10:58:36 AM com.microsoft.sqlserver.jdbc.SQLServerConnection prelogin
WARNING: ConnectionID:94 ClientConnectionId: 23693487-e493-4552-828e-cad320979144 Prelogin error: host localhost port 1433 Error reading prelogin response: Connection reset ClientConnectionId:23693487-e493-4552-828e-cad320979144
nov 09, 2025 10:58:36 AM com.microsoft.sqlserver.jdbc.SQLServerConnection prelogin
WARNING: ConnectionID:95 ClientConnectionId: d5ceeca2-7692-4d4d-ab99-c771e31c902e Prelogin error: host localhost port 1433 Error reading prelogin response: Connection reset ClientConnectionId:d5ceeca2-7692-4d4d-ab99-c771e31c902e
nov 09, 2025 10:58:36 AM com.microsoft.sqlserver.jdbc.SQLServerConnection prelogin
WARNING: ConnectionID:95 ClientConnectionId: 01749116-1c9e-4beb-a43d-44988167afa5 Prelogin error: host localhost port 1433 Error reading prelogin response: Connection reset ClientConnectionId:01749116-1c9e-4beb-a43d-44988167afa5
nov 09, 2025 10:58:36 AM com.microsoft.sqlserver.jdbc.SQLServerConnection prelogin
WARNING: ConnectionID:96 ClientConnectionId: e3fcdf47-5137-4bcc-8c79-1861af4d5728 Prelogin error: host localhost port 1433 Error reading prelogin response: Connection reset ClientConnectionId:e3fcdf47-5137-4bcc-8c79-1861af4d5728
nov 09, 2025 10:58:36 AM com.microsoft.sqlserver.jdbc.SQLServerConnection prelogin
WARNING: ConnectionID:96 ClientConnectionId: c79f9aaa-83e4-441c-9a9d-f92af31b65e3 Prelogin error: host localhost port 1433 Unexpected end of prelogin response after 0 bytes read
nov 09, 2025 10:58:36 AM com.microsoft.sqlserver.jdbc.SQLServerConnection prelogin
WARNING: ConnectionID:97 ClientConnectionId: 0c256897-f871-4692-850a-2056b7f3efc1 Prelogin error: host localhost port 1433 Unexpected end of prelogin response after 0 bytes read
nov 09, 2025 10:58:36 AM com.microsoft.sqlserver.jdbc.SQLServerConnection prelogin
WARNING: ConnectionID:97 ClientConnectionId: 80ef70c7-4631-48c2-a83e-ff14883806c8 Prelogin error: host localhost port 1433 Error reading prelogin response: Connection reset ClientConnectionId:80ef70c7-4631-48c2-a83e-ff14883806c8
nov 09, 2025 10:58:37 AM com.microsoft.sqlserver.jdbc.SQLServerConnection prelogin
WARNING: ConnectionID:98 ClientConnectionId: d1bafa0d-aa48-420b-874e-761257da5f02 Prelogin error: host localhost port 1433 Error reading prelogin response: Connection reset ClientConnectionId:d1bafa0d-aa48-420b-874e-761257da5f02
nov 09, 2025 10:58:37 AM com.microsoft.sqlserver.jdbc.SQLServerConnection prelogin
WARNING: ConnectionID:98 ClientConnectionId: e5d21b66-25be-4f2e-8fc3-93b334381dd2 Prelogin error: host localhost port 1433 Error reading prelogin response: Connection reset ClientConnectionId:e5d21b66-25be-4f2e-8fc3-93b334381dd2
nov 09, 2025 10:58:37 AM com.microsoft.sqlserver.jdbc.SQLServerConnection prelogin
WARNING: ConnectionID:99 ClientConnectionId: 4cae6094-8699-4e2b-80ac-bb8ba2c027a6 Prelogin error: host localhost port 1433 Error reading prelogin response: Connection reset ClientConnectionId:4cae6094-8699-4e2b-80ac-bb8ba2c027a6
nov 09, 2025 10:58:37 AM com.microsoft.sqlserver.jdbc.SQLServerConnection prelogin
WARNING: ConnectionID:99 ClientConnectionId: bdbbfb8f-d3a9-41fc-8f4e-dfd01d9b78c9 Prelogin error: host localhost port 1433 Error reading prelogin response: Connection reset ClientConnectionId:bdbbfb8f-d3a9-41fc-8f4e-dfd01d9b78c9
nov 09, 2025 10:58:37 AM com.microsoft.sqlserver.jdbc.SQLServerConnection prelogin
WARNING: ConnectionID:100 ClientConnectionId: 1c49bff0-1ba9-4713-ab95-aecb1dc71150 Prelogin error: host localhost port 1433 Error reading prelogin response: Connection reset ClientConnectionId:1c49bff0-1ba9-4713-ab95-aecb1dc71150
nov 09, 2025 10:58:37 AM com.microsoft.sqlserver.jdbc.SQLServerConnection prelogin
WARNING: ConnectionID:100 ClientConnectionId: 68af3374-4dda-40bd-a822-6843cc8814f3 Prelogin error: host localhost port 1433 Error reading prelogin response: Connection reset ClientConnectionId:68af3374-4dda-40bd-a822-6843cc8814f3
nov 09, 2025 10:58:37 AM com.microsoft.sqlserver.jdbc.SQLServerConnection prelogin
WARNING: ConnectionID:101 ClientConnectionId: 98777cd7-8877-43d3-b818-7143571b9094 Prelogin error: host localhost port 1433 Error reading prelogin response: Connection reset ClientConnectionId:98777cd7-8877-43d3-b818-7143571b9094
nov 09, 2025 10:58:37 AM com.microsoft.sqlserver.jdbc.SQLServerConnection prelogin
WARNING: ConnectionID:101 ClientConnectionId: 44616b92-100f-495e-804b-f9f8f5a61eed Prelogin error: host localhost port 1433 Error reading prelogin response: Connection reset ClientConnectionId:44616b92-100f-495e-804b-f9f8f5a61eed
nov 09, 2025 10:58:37 AM com.microsoft.sqlserver.jdbc.SQLServerConnection prelogin
WARNING: ConnectionID:102 ClientConnectionId: 58abeef1-12e2-45ff-a431-bba69a7e260f Prelogin error: host localhost port 1433 Error reading prelogin response: Connection reset ClientConnectionId:58abeef1-12e2-45ff-a431-bba69a7e260f
nov 09, 2025 10:58:37 AM com.microsoft.sqlserver.jdbc.SQLServerConnection prelogin
WARNING: ConnectionID:102 ClientConnectionId: e1d62893-0a36-4616-93c4-6d57c33969f6 Prelogin error: host localhost port 1433 Error reading prelogin response: Connection reset ClientConnectionId:e1d62893-0a36-4616-93c4-6d57c33969f6
nov 09, 2025 10:58:37 AM com.microsoft.sqlserver.jdbc.SQLServerConnection prelogin
WARNING: ConnectionID:103 ClientConnectionId: c4c07187-fcfd-4cc6-9f2a-e0bf1ec48671 Prelogin error: host localhost port 1433 Unexpected end of prelogin response after 0 bytes read
nov 09, 2025 10:58:37 AM com.microsoft.sqlserver.jdbc.SQLServerConnection prelogin
WARNING: ConnectionID:103 ClientConnectionId: dba8ad38-31db-4613-80a1-4c7954c0b18e Prelogin error: host localhost port 1433 Unexpected end of prelogin response after 0 bytes read
nov 09, 2025 10:58:37 AM com.microsoft.sqlserver.jdbc.SQLServerConnection prelogin
WARNING: ConnectionID:104 ClientConnectionId: 0eb72a2c-18c8-481b-a1aa-83c5d70ade83 Prelogin error: host localhost port 1433 Unexpected end of prelogin response after 0 bytes read
nov 09, 2025 10:58:37 AM com.microsoft.sqlserver.jdbc.SQLServerConnection prelogin
WARNING: ConnectionID:104 ClientConnectionId: 8d244009-7e0a-403f-a6b0-4827c9995948 Prelogin error: host localhost port 1433 Unexpected end of prelogin response after 0 bytes read
nov 09, 2025 10:58:37 AM com.microsoft.sqlserver.jdbc.SQLServerConnection prelogin
WARNING: ConnectionID:105 ClientConnectionId: 94bfff32-7409-4fe0-9d08-643184da8eb5 Prelogin error: host localhost port 1433 Unexpected end of prelogin response after 0 bytes read
nov 09, 2025 10:58:37 AM com.microsoft.sqlserver.jdbc.SQLServerConnection prelogin
WARNING: ConnectionID:105 ClientConnectionId: 5197183d-bc52-4916-af83-161a633cc0fe Prelogin error: host localhost port 1433 Error reading prelogin response: Connection reset ClientConnectionId:5197183d-bc52-4916-af83-161a633cc0fe
nov 09, 2025 10:58:37 AM com.microsoft.sqlserver.jdbc.SQLServerConnection prelogin
WARNING: ConnectionID:106 ClientConnectionId: c8a106b8-9b59-4709-ae62-6d8ab340247d Prelogin error: host localhost port 1433 Unexpected end of prelogin response after 0 bytes read
nov 09, 2025 10:58:37 AM com.microsoft.sqlserver.jdbc.SQLServerConnection prelogin
WARNING: ConnectionID:106 ClientConnectionId: 7f15e570-a622-47c7-ad8a-68531a94a17a Prelogin error: host localhost port 1433 Error reading prelogin response: Connection reset ClientConnectionId:7f15e570-a622-47c7-ad8a-68531a94a17a
nov 09, 2025 10:58:38 AM com.microsoft.sqlserver.jdbc.SQLServerConnection prelogin
WARNING: ConnectionID:107 ClientConnectionId: 021a0373-916a-49ff-95d6-36249b9e3e94 Prelogin error: host localhost port 1433 Unexpected end of prelogin response after 0 bytes read
nov 09, 2025 10:58:38 AM com.microsoft.sqlserver.jdbc.SQLServerConnection prelogin
WARNING: ConnectionID:107 ClientConnectionId: 353975cf-f69a-4e1d-a666-de2ad5666cde Prelogin error: host localhost port 1433 Error reading prelogin response: Connection reset ClientConnectionId:353975cf-f69a-4e1d-a666-de2ad5666cde
nov 09, 2025 10:58:38 AM com.microsoft.sqlserver.jdbc.SQLServerConnection prelogin
WARNING: ConnectionID:108 ClientConnectionId: cba9bcf1-cb9e-40e2-ad98-c649059dfc11 Prelogin error: host localhost port 1433 Unexpected end of prelogin response after 0 bytes read
nov 09, 2025 10:58:38 AM com.microsoft.sqlserver.jdbc.SQLServerConnection prelogin
WARNING: ConnectionID:108 ClientConnectionId: 46723100-1302-42e4-9f5b-66e915101873 Prelogin error: host localhost port 1433 Error reading prelogin response: Connection reset ClientConnectionId:46723100-1302-42e4-9f5b-66e915101873
nov 09, 2025 10:58:38 AM com.microsoft.sqlserver.jdbc.SQLServerConnection prelogin
WARNING: ConnectionID:109 ClientConnectionId: a3d02180-1ff3-49e6-8b8c-734d8116045a Prelogin error: host localhost port 1433 Error reading prelogin response: Connection reset ClientConnectionId:a3d02180-1ff3-49e6-8b8c-734d8116045a
nov 09, 2025 10:58:38 AM com.microsoft.sqlserver.jdbc.SQLServerConnection prelogin
WARNING: ConnectionID:109 ClientConnectionId: 8e67224d-fb6a-4f32-b292-7f4f2fe143aa Prelogin error: host localhost port 1433 Error reading prelogin response: Connection reset ClientConnectionId:8e67224d-fb6a-4f32-b292-7f4f2fe143aa
nov 09, 2025 10:58:38 AM com.microsoft.sqlserver.jdbc.SQLServerConnection prelogin
WARNING: ConnectionID:110 ClientConnectionId: 1853e2e3-1d98-4dd8-a1eb-0ca3fc32cbc4 Prelogin error: host localhost port 1433 Unexpected end of prelogin response after 0 bytes read
nov 09, 2025 10:58:38 AM com.microsoft.sqlserver.jdbc.SQLServerConnection prelogin
WARNING: ConnectionID:110 ClientConnectionId: 516c7746-302c-4500-94c9-92c8cd4837aa Prelogin error: host localhost port 1433 Error reading prelogin response: Connection reset ClientConnectionId:516c7746-302c-4500-94c9-92c8cd4837aa
nov 09, 2025 10:58:38 AM com.microsoft.sqlserver.jdbc.SQLServerConnection prelogin
WARNING: ConnectionID:111 ClientConnectionId: 8b156c01-6df9-4ba5-88ef-1b302912ac2e Prelogin error: host localhost port 1433 Unexpected end of prelogin response after 0 bytes read
nov 09, 2025 10:58:38 AM com.microsoft.sqlserver.jdbc.SQLServerConnection prelogin
WARNING: ConnectionID:111 ClientConnectionId: 4540b0e2-2e0c-4fc7-b336-f896df25ec1b Prelogin error: host localhost port 1433 Unexpected end of prelogin response after 0 bytes read
nov 09, 2025 10:58:38 AM com.microsoft.sqlserver.jdbc.SQLServerConnection prelogin
WARNING: ConnectionID:112 ClientConnectionId: 1e21d7b3-b068-496b-ab7f-13f5a45fc533 Prelogin error: host localhost port 1433 Unexpected end of prelogin response after 0 bytes read
nov 09, 2025 10:58:38 AM com.microsoft.sqlserver.jdbc.SQLServerConnection prelogin
WARNING: ConnectionID:112 ClientConnectionId: 94fc921a-c551-4a76-93c9-d00e4e7d2f1e Prelogin error: host localhost port 1433 Error reading prelogin response: Connection reset ClientConnectionId:94fc921a-c551-4a76-93c9-d00e4e7d2f1e
nov 09, 2025 10:58:38 AM com.microsoft.sqlserver.jdbc.SQLServerConnection prelogin
WARNING: ConnectionID:113 ClientConnectionId: 6c3b278b-96f8-4666-8c28-1643b12de100 Prelogin error: host localhost port 1433 Unexpected end of prelogin response after 0 bytes read
nov 09, 2025 10:58:38 AM com.microsoft.sqlserver.jdbc.SQLServerConnection prelogin
WARNING: ConnectionID:113 ClientConnectionId: f48a6efb-f974-4552-b861-7723c65591c4 Prelogin error: host localhost port 1433 Error reading prelogin response: Connection reset ClientConnectionId:f48a6efb-f974-4552-b861-7723c65591c4
nov 09, 2025 10:58:38 AM com.microsoft.sqlserver.jdbc.SQLServerConnection prelogin
WARNING: ConnectionID:114 ClientConnectionId: 4dce1b0e-f90f-452c-ba41-5568c1099085 Prelogin error: host localhost port 1433 Error reading prelogin response: Connection reset ClientConnectionId:4dce1b0e-f90f-452c-ba41-5568c1099085
nov 09, 2025 10:58:38 AM com.microsoft.sqlserver.jdbc.SQLServerConnection prelogin
WARNING: ConnectionID:114 ClientConnectionId: 1cfe5c15-b5e2-4b1d-a032-5c9b471b4cf4 Prelogin error: host localhost port 1433 Error reading prelogin response: Connection reset ClientConnectionId:1cfe5c15-b5e2-4b1d-a032-5c9b471b4cf4
nov 09, 2025 10:58:38 AM com.microsoft.sqlserver.jdbc.SQLServerConnection prelogin
WARNING: ConnectionID:115 ClientConnectionId: 6ec89654-67ab-4c1a-85dc-c7f32e89e81e Prelogin error: host localhost port 1433 Error reading prelogin response: Connection reset ClientConnectionId:6ec89654-67ab-4c1a-85dc-c7f32e89e81e
nov 09, 2025 10:58:38 AM com.microsoft.sqlserver.jdbc.SQLServerConnection prelogin
WARNING: ConnectionID:115 ClientConnectionId: 4ae97531-2ec8-4f74-8f93-406cb9e7b1c9 Prelogin error: host localhost port 1433 Error reading prelogin response: Connection reset ClientConnectionId:4ae97531-2ec8-4f74-8f93-406cb9e7b1c9
nov 09, 2025 10:58:39 AM com.microsoft.sqlserver.jdbc.SQLServerConnection prelogin
WARNING: ConnectionID:116 ClientConnectionId: 97a61349-a4fe-4068-910e-055234ff3c1a Prelogin error: host localhost port 1433 Error reading prelogin response: Connection reset ClientConnectionId:97a61349-a4fe-4068-910e-055234ff3c1a
nov 09, 2025 10:58:39 AM com.microsoft.sqlserver.jdbc.SQLServerConnection prelogin
WARNING: ConnectionID:116 ClientConnectionId: 84085a3b-2733-4b43-991f-53ca5797bf36 Prelogin error: host localhost port 1433 Error reading prelogin response: Connection reset ClientConnectionId:84085a3b-2733-4b43-991f-53ca5797bf36
nov 09, 2025 10:58:39 AM com.microsoft.sqlserver.jdbc.SQLServerConnection prelogin
WARNING: ConnectionID:117 ClientConnectionId: 50b4eef7-59b2-4b51-80b0-4d1d1474bfca Prelogin error: host localhost port 1433 Error reading prelogin response: Connection reset ClientConnectionId:50b4eef7-59b2-4b51-80b0-4d1d1474bfca
nov 09, 2025 10:58:39 AM com.microsoft.sqlserver.jdbc.SQLServerConnection prelogin
WARNING: ConnectionID:117 ClientConnectionId: e0154472-def5-4a14-a8b4-4dbc38e8bcbf Prelogin error: host localhost port 1433 Error reading prelogin response: Connection reset ClientConnectionId:e0154472-def5-4a14-a8b4-4dbc38e8bcbf
nov 09, 2025 10:58:39 AM com.microsoft.sqlserver.jdbc.SQLServerConnection prelogin
WARNING: ConnectionID:118 ClientConnectionId: a08337c2-e595-42d1-a1e1-c475b6d2f534 Prelogin error: host localhost port 1433 Unexpected end of prelogin response after 0 bytes read
nov 09, 2025 10:58:39 AM com.microsoft.sqlserver.jdbc.SQLServerConnection prelogin
WARNING: ConnectionID:118 ClientConnectionId: d6414876-5216-4c49-9f84-3dee49a3628d Prelogin error: host localhost port 1433 Unexpected end of prelogin response after 0 bytes read
nov 09, 2025 10:58:39 AM com.microsoft.sqlserver.jdbc.SQLServerConnection prelogin
WARNING: ConnectionID:119 ClientConnectionId: 4219f088-10d8-4a3e-ae8e-eac982774d2c Prelogin error: host localhost port 1433 Error reading prelogin response: Connection reset ClientConnectionId:4219f088-10d8-4a3e-ae8e-eac982774d2c
nov 09, 2025 10:58:39 AM com.microsoft.sqlserver.jdbc.SQLServerConnection prelogin
WARNING: ConnectionID:119 ClientConnectionId: c93a9137-46eb-4493-9812-5175567bdb87 Prelogin error: host localhost port 1433 Error reading prelogin response: Connection reset ClientConnectionId:c93a9137-46eb-4493-9812-5175567bdb87
nov 09, 2025 10:58:39 AM com.microsoft.sqlserver.jdbc.SQLServerConnection prelogin
WARNING: ConnectionID:120 ClientConnectionId: 629883f2-d2fd-4e31-912b-5f91ced3a50e Prelogin error: host localhost port 1433 Error reading prelogin response: Connection reset ClientConnectionId:629883f2-d2fd-4e31-912b-5f91ced3a50e
nov 09, 2025 10:58:39 AM com.microsoft.sqlserver.jdbc.SQLServerConnection prelogin
WARNING: ConnectionID:120 ClientConnectionId: 1b2b6e57-a87a-4dcc-b807-e8bb69718821 Prelogin error: host localhost port 1433 Error reading prelogin response: Connection reset ClientConnectionId:1b2b6e57-a87a-4dcc-b807-e8bb69718821
nov 09, 2025 10:58:39 AM com.microsoft.sqlserver.jdbc.SQLServerConnection prelogin
WARNING: ConnectionID:121 ClientConnectionId: b6c188f9-6675-499b-af30-443698b865c4 Prelogin error: host localhost port 1433 Unexpected end of prelogin response after 0 bytes read
nov 09, 2025 10:58:39 AM com.microsoft.sqlserver.jdbc.SQLServerConnection prelogin
WARNING: ConnectionID:121 ClientConnectionId: a39d5501-dfe8-4f70-a8ee-85872204fe78 Prelogin error: host localhost port 1433 Unexpected end of prelogin response after 0 bytes read
nov 09, 2025 10:58:39 AM com.microsoft.sqlserver.jdbc.SQLServerConnection prelogin
WARNING: ConnectionID:122 ClientConnectionId: dfabdf8d-2e85-49b0-8fd0-10004f7dbc3a Prelogin error: host localhost port 1433 Error reading prelogin response: Connection reset ClientConnectionId:dfabdf8d-2e85-49b0-8fd0-10004f7dbc3a
nov 09, 2025 10:58:39 AM com.microsoft.sqlserver.jdbc.SQLServerConnection prelogin
WARNING: ConnectionID:122 ClientConnectionId: 5e5bd78a-36d7-4ccb-9b2a-43f891767b25 Prelogin error: host localhost port 1433 Unexpected end of prelogin response after 0 bytes read
nov 09, 2025 10:58:39 AM com.microsoft.sqlserver.jdbc.SQLServerConnection prelogin
WARNING: ConnectionID:123 ClientConnectionId: 0f4f30af-1167-43e3-91fd-3eb72eb576a5 Prelogin error: host localhost port 1433 Error reading prelogin response: Connection reset ClientConnectionId:0f4f30af-1167-43e3-91fd-3eb72eb576a5
nov 09, 2025 10:58:39 AM com.microsoft.sqlserver.jdbc.SQLServerConnection prelogin
WARNING: ConnectionID:123 ClientConnectionId: 1d56e36e-3849-4dfc-84c5-18b393e54da0 Prelogin error: host localhost port 1433 Unexpected end of prelogin response after 0 bytes read
nov 09, 2025 10:58:39 AM com.microsoft.sqlserver.jdbc.SQLServerConnection prelogin
WARNING: ConnectionID:124 ClientConnectionId: e5c15965-580e-459c-bcd6-a84cb5c05c5d Prelogin error: host localhost port 1433 Error reading prelogin response: Connection reset ClientConnectionId:e5c15965-580e-459c-bcd6-a84cb5c05c5d
nov 09, 2025 10:58:39 AM com.microsoft.sqlserver.jdbc.SQLServerConnection prelogin
WARNING: ConnectionID:124 ClientConnectionId: cb7b448c-881e-4d2b-b76d-e8756a1c5a6c Prelogin error: host localhost port 1433 Unexpected end of prelogin response after 0 bytes read
nov 09, 2025 10:58:40 AM com.microsoft.sqlserver.jdbc.SQLServerConnection prelogin
WARNING: ConnectionID:125 ClientConnectionId: 032599d3-bc52-4dda-95d4-4488b603c708 Prelogin error: host localhost port 1433 Unexpected end of prelogin response after 0 bytes read
nov 09, 2025 10:58:40 AM com.microsoft.sqlserver.jdbc.SQLServerConnection prelogin
WARNING: ConnectionID:125 ClientConnectionId: 18219d8d-190a-4093-b503-749b1c7746fb Prelogin error: host localhost port 1433 Unexpected end of prelogin response after 0 bytes read
nov 09, 2025 10:58:40 AM com.microsoft.sqlserver.jdbc.SQLServerConnection prelogin
WARNING: ConnectionID:126 ClientConnectionId: c73121c2-e3a4-4151-a2bd-cf22f450ac7d Prelogin error: host localhost port 1433 Unexpected end of prelogin response after 0 bytes read
nov 09, 2025 10:58:40 AM com.microsoft.sqlserver.jdbc.SQLServerConnection prelogin
WARNING: ConnectionID:126 ClientConnectionId: a89f12ba-fe22-44b8-84db-62f0378bc4ff Prelogin error: host localhost port 1433 Error reading prelogin response: Connection reset ClientConnectionId:a89f12ba-fe22-44b8-84db-62f0378bc4ff
nov 09, 2025 10:58:40 AM com.microsoft.sqlserver.jdbc.SQLServerConnection prelogin
WARNING: ConnectionID:127 ClientConnectionId: f293981b-47b7-413e-ada7-b64de7af64c1 Prelogin error: host localhost port 1433 Unexpected end of prelogin response after 0 bytes read
nov 09, 2025 10:58:40 AM com.microsoft.sqlserver.jdbc.SQLServerConnection prelogin
WARNING: ConnectionID:127 ClientConnectionId: 850dc1e8-02a0-46d4-891e-d284bae30f63 Prelogin error: host localhost port 1433 Unexpected end of prelogin response after 0 bytes read
nov 09, 2025 10:58:40 AM com.microsoft.sqlserver.jdbc.SQLServerConnection prelogin
WARNING: ConnectionID:128 ClientConnectionId: c534e07c-7eec-4228-a69c-60a3791776a1 Prelogin error: host localhost port 1433 Unexpected end of prelogin response after 0 bytes read
nov 09, 2025 10:58:40 AM com.microsoft.sqlserver.jdbc.SQLServerConnection prelogin
WARNING: ConnectionID:128 ClientConnectionId: feae76c7-0f1d-47f2-be46-5803d0a6ab9d Prelogin error: host localhost port 1433 Unexpected end of prelogin response after 0 bytes read
nov 09, 2025 10:58:40 AM com.microsoft.sqlserver.jdbc.SQLServerConnection prelogin
WARNING: ConnectionID:129 ClientConnectionId: 83dea4bd-71fb-4cb5-b88d-acf783d7a1fb Prelogin error: host localhost port 1433 Unexpected end of prelogin response after 0 bytes read
nov 09, 2025 10:58:40 AM com.microsoft.sqlserver.jdbc.SQLServerConnection prelogin
WARNING: ConnectionID:129 ClientConnectionId: 3f22979b-174d-44f8-887d-4b3b523cc281 Prelogin error: host localhost port 1433 Unexpected end of prelogin response after 0 bytes read
nov 09, 2025 10:58:40 AM com.microsoft.sqlserver.jdbc.SQLServerConnection prelogin
WARNING: ConnectionID:130 ClientConnectionId: 2e5e825a-cf6e-4009-9fc6-3654ebe87b4c Prelogin error: host localhost port 1433 Unexpected end of prelogin response after 0 bytes read
nov 09, 2025 10:58:40 AM com.microsoft.sqlserver.jdbc.SQLServerConnection prelogin
WARNING: ConnectionID:130 ClientConnectionId: 9c82bfc1-62d9-4ee7-8358-a3ca1ea88c48 Prelogin error: host localhost port 1433 Unexpected end of prelogin response after 0 bytes read
nov 09, 2025 10:58:40 AM com.microsoft.sqlserver.jdbc.SQLServerConnection prelogin
WARNING: ConnectionID:131 ClientConnectionId: d6018c11-4fdb-4c53-872c-c51aebf413b7 Prelogin error: host localhost port 1433 Error reading prelogin response: Connection reset ClientConnectionId:d6018c11-4fdb-4c53-872c-c51aebf413b7
nov 09, 2025 10:58:40 AM com.microsoft.sqlserver.jdbc.SQLServerConnection prelogin
WARNING: ConnectionID:131 ClientConnectionId: 25cdb635-0062-407a-897d-c839ab32b739 Prelogin error: host localhost port 1433 Unexpected end of prelogin response after 0 bytes read
nov 09, 2025 10:58:40 AM com.microsoft.sqlserver.jdbc.SQLServerConnection prelogin
WARNING: ConnectionID:132 ClientConnectionId: 96cf0160-2a85-4687-a2bc-70b8282aca5d Prelogin error: host localhost port 1433 Error reading prelogin response: Connection reset ClientConnectionId:96cf0160-2a85-4687-a2bc-70b8282aca5d
nov 09, 2025 10:58:40 AM com.microsoft.sqlserver.jdbc.SQLServerConnection prelogin
WARNING: ConnectionID:132 ClientConnectionId: 48e775ab-0045-4c24-8067-13b774c74b9b Prelogin error: host localhost port 1433 Unexpected end of prelogin response after 0 bytes read
nov 09, 2025 10:58:40 AM com.microsoft.sqlserver.jdbc.SQLServerConnection prelogin
WARNING: ConnectionID:133 ClientConnectionId: 0d05b9df-4f17-4efe-b1d6-a8161dc82622 Prelogin error: host localhost port 1433 Unexpected end of prelogin response after 0 bytes read
nov 09, 2025 10:58:40 AM com.microsoft.sqlserver.jdbc.SQLServerConnection prelogin
WARNING: ConnectionID:133 ClientConnectionId: 6ea6504e-e5f7-4076-882f-f752eb7bc01d Prelogin error: host localhost port 1433 Error reading prelogin response: Connection reset ClientConnectionId:6ea6504e-e5f7-4076-882f-f752eb7bc01d
nov 09, 2025 10:58:41 AM com.microsoft.sqlserver.jdbc.SQLServerConnection prelogin
[...]
[docker-java-stream-636698791] INFO legolas.docker.interfaces.DockerStarter - STDOUT: 
[docker-java-stream-636698791] INFO legolas.docker.interfaces.DockerStarter - STDOUT: 2025-11-09 13:58:53.43 spid6s      Database 'msdb' running the upgrade step from version 862 to version 863.
[docker-java-stream-636698791] INFO legolas.docker.interfaces.DockerStarter - STDOUT: 
[docker-java-stream-636698791] INFO legolas.docker.interfaces.DockerStarter - STDOUT: 2025-11-09 13:58:53.44 spid18s     A self-generated certificate was successfully loaded for encryption.
nov 09, 2025 10:58:53 AM com.microsoft.sqlserver.jdbc.SQLServerConnection prelogin
WARNING: ConnectionID:245 ClientConnectionId: 5c8c28b6-a4e1-4299-848b-795db9caf286 Prelogin error: host localhost port 1433 Error reading prelogin response: Connection reset ClientConnectionId:5c8c28b6-a4e1-4299-848b-795db9caf286
nov 09, 2025 10:58:53 AM com.microsoft.sqlserver.jdbc.SQLServerConnection prelogin
WARNING: ConnectionID:245 ClientConnectionId: 874397c4-380b-42fe-91b7-b4d8fc7e2afe Prelogin error: host localhost port 1433 Unexpected end of prelogin response after 0 bytes read
[docker-java-stream-636698791] INFO legolas.docker.interfaces.DockerStarter - STDOUT: 
[docker-java-stream-636698791] INFO legolas.docker.interfaces.DockerStarter - STDOUT: 2025-11-09 13:58:53.48 spid18s     Server is listening on [ 'any' <ipv6> 1433].
[docker-java-stream-636698791] INFO legolas.docker.interfaces.DockerStarter - STDOUT: 
[docker-java-stream-636698791] INFO legolas.docker.interfaces.DockerStarter - STDOUT: 2025-11-09 13:58:53.49 spid18s     Server is listening on [ 'any' <ipv4> 1433].
[docker-java-stream-636698791] INFO legolas.docker.interfaces.DockerStarter - STDOUT: 
[docker-java-stream-636698791] INFO legolas.docker.interfaces.DockerStarter - STDOUT: 2025-11-09 13:58:53.50 spid7s      Converting database 'model' from version 862 to the current version 869.
[docker-java-stream-636698791] INFO legolas.docker.interfaces.DockerStarter - STDOUT: 
[docker-java-stream-636698791] INFO legolas.docker.interfaces.DockerStarter - STDOUT: 2025-11-09 13:58:53.50 spid7s      Database 'model' running the upgrade step from version 862 to version 863.
[docker-java-stream-636698791] INFO legolas.docker.interfaces.DockerStarter - STDOUT: 
[docker-java-stream-636698791] INFO legolas.docker.interfaces.DockerStarter - STDOUT: 2025-11-09 13:58:53.50 Server      Server is listening on [ ::1 <ipv6> 1434].
[docker-java-stream-636698791] INFO legolas.docker.interfaces.DockerStarter - STDOUT: 
[docker-java-stream-636698791] INFO legolas.docker.interfaces.DockerStarter - STDOUT: 2025-11-09 13:58:53.50 Server      Server is listening on [ 127.0.0.1 <ipv4> 1434].
[docker-java-stream-636698791] INFO legolas.docker.interfaces.DockerStarter - STDOUT: 
[docker-java-stream-636698791] INFO legolas.docker.interfaces.DockerStarter - STDOUT: 2025-11-09 13:58:53.51 Server      Dedicated admin connection support was established for listening locally on port 1434.
[docker-java-stream-636698791] INFO legolas.docker.interfaces.DockerStarter - STDOUT: 
[docker-java-stream-636698791] INFO legolas.docker.interfaces.DockerStarter - STDOUT: 2025-11-09 13:58:53.56 spid18s     SQL Server is now ready for client connections. This is an informational message; no user action is required.
[docker-java-stream-636698791] INFO legolas.docker.interfaces.DockerStarter - STDOUT: 
[docker-java-stream-636698791] INFO legolas.docker.interfaces.DockerStarter - STDOUT: 2025-11-09 13:58:53.82 spid6s      Database 'msdb' running the upgrade step from version 863 to version 864.
[docker-java-stream-636698791] INFO legolas.docker.interfaces.DockerStarter - STDOUT: 
[docker-java-stream-636698791] INFO legolas.docker.interfaces.DockerStarter - STDOUT: 2025-11-09 13:58:53.83 spid7s      Database 'model' running the upgrade step from version 863 to version 864.
[docker-java-stream-636698791] INFO legolas.docker.interfaces.DockerStarter - STDOUT: 
[docker-java-stream-636698791] INFO legolas.docker.interfaces.DockerStarter - STDOUT: 2025-11-09 13:58:53.86 spid7s      Database 'model' running the upgrade step from version 864 to version 865.
[docker-java-stream-636698791] INFO legolas.docker.interfaces.DockerStarter - STDOUT: 
[docker-java-stream-636698791] INFO legolas.docker.interfaces.DockerStarter - STDOUT: 2025-11-09 13:58:53.87 spid6s      Database 'msdb' running the upgrade step from version 864 to version 865.
[docker-java-stream-636698791] INFO legolas.docker.interfaces.DockerStarter - STDOUT: 
[docker-java-stream-636698791] INFO legolas.docker.interfaces.DockerStarter - STDOUT: 2025-11-09 13:58:53.89 spid7s      Database 'model' running the upgrade step from version 865 to version 866.
[docker-java-stream-636698791] INFO legolas.docker.interfaces.DockerStarter - STDOUT: 
[docker-java-stream-636698791] INFO legolas.docker.interfaces.DockerStarter - STDOUT: 2025-11-09 13:58:54.05 spid6s      Database 'msdb' running the upgrade step from version 865 to version 866.
[docker-java-stream-636698791] INFO legolas.docker.interfaces.DockerStarter - STDOUT: 
[docker-java-stream-636698791] INFO legolas.docker.interfaces.DockerStarter - STDOUT: 2025-11-09 13:58:54.07 spid7s      Database 'model' running the upgrade step from version 866 to version 867.
[docker-java-stream-636698791] INFO legolas.docker.interfaces.DockerStarter - STDOUT: 
[docker-java-stream-636698791] INFO legolas.docker.interfaces.DockerStarter - STDOUT: 2025-11-09 13:58:54.11 spid6s      Database 'msdb' running the upgrade step from version 866 to version 867.
[docker-java-stream-636698791] INFO legolas.docker.interfaces.DockerStarter - STDOUT: 
[docker-java-stream-636698791] INFO legolas.docker.interfaces.DockerStarter - STDOUT: 2025-11-09 13:58:54.13 spid7s      Database 'model' running the upgrade step from version 867 to version 868.
[docker-java-stream-636698791] INFO legolas.docker.interfaces.DockerStarter - STDOUT: 
[docker-java-stream-636698791] INFO legolas.docker.interfaces.DockerStarter - STDOUT: 2025-11-09 13:58:54.14 spid6s      Database 'msdb' running the upgrade step from version 867 to version 868.
[docker-java-stream-636698791] INFO legolas.docker.interfaces.DockerStarter - STDOUT: 
[docker-java-stream-636698791] INFO legolas.docker.interfaces.DockerStarter - STDOUT: 2025-11-09 13:58:54.18 spid6s      Database 'msdb' running the upgrade step from version 868 to version 869.
[docker-java-stream-636698791] INFO legolas.docker.interfaces.DockerStarter - STDOUT: 
[docker-java-stream-636698791] INFO legolas.docker.interfaces.DockerStarter - STDOUT: 2025-11-09 13:58:54.19 spid7s      Database 'model' running the upgrade step from version 868 to version 869.
[legolas-global-thread] INFO tc.mcr.microsoft.com/mssql/server:2017-CU12 - Container mcr.microsoft.com/mssql/server:2017-CU12 started in PT29.611821S
[legolas-global-thread] INFO tc.mcr.microsoft.com/mssql/server:2017-CU12 - Container is started (JDBC URL: jdbc:sqlserver://localhost:1433;encrypt=false)
[legolas-global-thread] INFO legolas.runtime.core.interfaces.LifecycleEnvironment - Running bootstrapers...
[legolas-global-thread] INFO legolas.runtime.core.interfaces.LifecycleEnvironment - Running migrations...
[legolas-global-thread] INFO legolas.runtime.core.interfaces.MigrationRunner - Running migration migration.sqlserver
[docker-java-stream-636698791] INFO legolas.docker.interfaces.DockerStarter - STDOUT: 
[docker-java-stream-636698791] INFO legolas.docker.interfaces.DockerStarter - STDOUT: 2025-11-09 13:58:54.37 spid7s      Polybase feature disabled.
[docker-java-stream-636698791] INFO legolas.docker.interfaces.DockerStarter - STDOUT: 
[docker-java-stream-636698791] INFO legolas.docker.interfaces.DockerStarter - STDOUT: 2025-11-09 13:58:54.37 spid7s      Clearing tempdb database.
[docker-java-stream-636698791] INFO legolas.docker.interfaces.DockerStarter - STDOUT: 
[docker-java-stream-636698791] INFO legolas.docker.interfaces.DockerStarter - STDOUT: 2025-11-09 13:58:55.99 spid7s      Starting up database 'tempdb'.
[docker-java-stream-636698791] INFO legolas.docker.interfaces.DockerStarter - STDOUT: 
[docker-java-stream-636698791] INFO legolas.docker.interfaces.DockerStarter - STDOUT: 2025-11-09 13:58:56.32 spid7s      The tempdb database has 1 data file(s).
[docker-java-stream-636698791] INFO legolas.docker.interfaces.DockerStarter - STDOUT: 
[docker-java-stream-636698791] INFO legolas.docker.interfaces.DockerStarter - STDOUT: 2025-11-09 13:58:56.34 spid24s     The Service Broker endpoint is in disabled or stopped state.
[docker-java-stream-636698791] INFO legolas.docker.interfaces.DockerStarter - STDOUT: 
[docker-java-stream-636698791] INFO legolas.docker.interfaces.DockerStarter - STDOUT: 2025-11-09 13:58:56.34 spid24s     The Database Mirroring endpoint is in disabled or stopped state.
[docker-java-stream-636698791] INFO legolas.docker.interfaces.DockerStarter - STDOUT: 
[docker-java-stream-636698791] INFO legolas.docker.interfaces.DockerStarter - STDOUT: 2025-11-09 13:58:56.40 spid24s     Service Broker manager has started.
[docker-java-stream-636698791] INFO legolas.docker.interfaces.DockerStarter - STDOUT: 
[docker-java-stream-636698791] INFO legolas.docker.interfaces.DockerStarter - STDOUT: 2025-11-09 13:58:56.49 spid6s      Recovery is complete. This is an informational message only. No user action is required.
[legolas-global-thread] INFO migrami.sql.interfaces.MigramiSQLExecutor - Applying migration file V001_Create_Tables.sql
[docker-java-stream-636698791] INFO legolas.docker.interfaces.DockerStarter - STDOUT: 
[docker-java-stream-636698791] INFO legolas.docker.interfaces.DockerStarter - STDOUT: 2025-11-09 13:58:56.56 spid20s     The default language (LCID 0) has been set for engine and full-text services.
[docker-java-stream-636698791] INFO legolas.docker.interfaces.DockerStarter - STDOUT: 
[docker-java-stream-636698791] INFO legolas.docker.interfaces.DockerStarter - STDOUT: 2025-11-09 13:58:56.83 spid43s     The activated proc '[dbo].[sp_syspolicy_events_reader]' running on queue 'msdb.dbo.syspolicy_event_queue' output the following:  'Transaction (Process ID 43) was deadlocked on lock resources with another process and has been chosen as the deadlock victim. Rerun the transaction.'
[main] INFO spectra.interfaces.Spectra - Revealing spectrum  for band USERS
[main] INFO morphos.test.MorphosSpectrum - Actual column id type CHAR. Trying to validate over [UUID, CHAR]
[main] INFO morphos.test.MorphosSpectrum - Actual column username type NVARCHAR. Trying to validate over [VARCHAR, NVARCHAR]
[main] INFO morphos.test.MorphosSpectrum - Actual column email type NVARCHAR. Trying to validate over [VARCHAR, NVARCHAR]
[main] INFO morphos.test.MorphosSpectrum - Actual column created_at type TIMESTAMP. Trying to validate over [TIMESTAMP, TIMESTAMP_WITH_TIMEZONE]
[main] INFO morphos.test.MorphosSpectrum - Actual column updated_at type TIMESTAMP. Trying to validate over [TIMESTAMP, TIMESTAMP_WITH_TIMEZONE]
[main] INFO morphos.test.MorphosSpectrum - Actual column active type BIT. Trying to validate over [BOOLEAN, BIT]
[main] INFO morphos.test.MorphosSpectrum - Actual column id type BIGINT. Trying to validate over [BIGINT]
[main] INFO morphos.test.MorphosSpectrum - Actual column name type NVARCHAR. Trying to validate over [VARCHAR, NVARCHAR]
[main] INFO morphos.test.MorphosSpectrum - Actual column description type NVARCHAR. Trying to validate over [VARCHAR, NVARCHAR, LONGVARCHAR]
[main] INFO morphos.test.MorphosSpectrum - Actual column role_id type BIGINT. Trying to validate over [BIGINT]
[main] INFO morphos.test.MorphosSpectrum - Actual column user_id type CHAR. Trying to validate over [UUID, CHAR]
[main] INFO morphos.test.MorphosSpectrum - Actual column role_id type BIGINT. Trying to validate over [BIGINT]
[main] INFO morphos.test.MorphosSpectrum - Actual column user_id type CHAR. Trying to validate over [UUID, CHAR]
[main] INFO morphos.test.MorphosSpectrum - Actual column assigned_at type TIMESTAMP. Trying to validate over [TIMESTAMP_WITH_TIMEZONE, TIMESTAMP]
]]></system-err>
  </testcase>
  <testcase name="testAuditSchema(RunningEnvironment)[1]" classname="morphosReflectorTest.MorphosReflectorSQLServerTest" time="0.003">
    <system-err><![CDATA[[main] INFO spectra.interfaces.Spectra - Revealing spectrum  for band AUDIT
[main] INFO morphos.test.MorphosSpectrum - Actual column id type BIGINT. Trying to validate over [BIGINT]
[main] INFO morphos.test.MorphosSpectrum - Actual column table_name type NVARCHAR. Trying to validate over [VARCHAR, NVARCHAR]
[main] INFO morphos.test.MorphosSpectrum - Actual column record_id type NVARCHAR. Trying to validate over [BIGINT, VARCHAR, NVARCHAR]
[main] INFO morphos.test.MorphosSpectrum - Actual column operation type NVARCHAR. Trying to validate over [CHAR, VARCHAR, NVARCHAR]
[main] INFO morphos.test.MorphosSpectrum - Actual column changed_at type TIMESTAMP. Trying to validate over [TIMESTAMP]
[main] INFO morphos.test.MorphosSpectrum - Actual column changed_by type NVARCHAR. Trying to validate over [VARCHAR, NVARCHAR]
]]></system-err>
  </testcase>
  <testcase name="testSalesSchema(RunningEnvironment)[1]" classname="morphosReflectorTest.MorphosReflectorSQLServerTest" time="0.004">
    <system-err><![CDATA[[main] INFO spectra.interfaces.Spectra - Revealing spectrum  for band SALES
[main] INFO morphos.test.MorphosSpectrum - Actual column id type BIGINT. Trying to validate over [BIGINT]
[main] INFO morphos.test.MorphosSpectrum - Actual column full_name type NVARCHAR. Trying to validate over [NVARCHAR, VARCHAR]
[main] INFO morphos.test.MorphosSpectrum - Actual column document_number type NVARCHAR. Trying to validate over [NVARCHAR, VARCHAR]
[main] INFO morphos.test.MorphosSpectrum - Actual column email type NVARCHAR. Trying to validate over [NVARCHAR, VARCHAR]
[main] INFO morphos.test.MorphosSpectrum - Actual column registered_at type TIMESTAMP. Trying to validate over [TIMESTAMP]
[main] INFO morphos.test.MorphosSpectrum - Actual column id type BIGINT. Trying to validate over [BIGINT]
[main] INFO morphos.test.MorphosSpectrum - Actual column name type NVARCHAR. Trying to validate over [NVARCHAR, VARCHAR]
[main] INFO morphos.test.MorphosSpectrum - Actual column price type DECIMAL. Trying to validate over [DECIMAL, NUMERIC]
[main] INFO morphos.test.MorphosSpectrum - Actual column stock type INTEGER. Trying to validate over [NUMERIC, INTEGER]
[main] INFO morphos.test.MorphosSpectrum - Actual column category type NVARCHAR. Trying to validate over [VARCHAR, NVARCHAR]
[main] INFO morphos.test.MorphosSpectrum - Actual column id type BIGINT. Trying to validate over [BIGINT]
[main] INFO morphos.test.MorphosSpectrum - Actual column customer_id type BIGINT. Trying to validate over [BIGINT]
[main] INFO morphos.test.MorphosSpectrum - Actual column created_at type TIMESTAMP. Trying to validate over [TIMESTAMP]
[main] INFO morphos.test.MorphosSpectrum - Actual column status type NVARCHAR. Trying to validate over [NVARCHAR, VARCHAR]
[main] INFO morphos.test.MorphosSpectrum - Actual column total_amount type DECIMAL. Trying to validate over [NUMERIC, DECIMAL]
[main] INFO morphos.test.MorphosSpectrum - Actual column order_id type BIGINT. Trying to validate over [BIGINT, INTEGER]
[main] INFO morphos.test.MorphosSpectrum - Actual column order_id type BIGINT. Trying to validate over [BIGINT, INTEGER]
[main] INFO morphos.test.MorphosSpectrum - Actual column product_id type BIGINT. Trying to validate over [BIGINT, INTEGER]
[main] INFO morphos.test.MorphosSpectrum - Actual column product_id type BIGINT. Trying to validate over [BIGINT, INTEGER]
[main] INFO morphos.test.MorphosSpectrum - Actual column quantity type INTEGER. Trying to validate over [INTEGER]
[main] INFO morphos.test.MorphosSpectrum - Actual column price type DECIMAL. Trying to validate over [NUMERIC, DECIMAL]
]]></system-err>
  </testcase>
  <testcase name="testDemoSchema(RunningEnvironment)[1]" classname="morphosReflectorTest.MorphosReflectorSQLServerTest" time="0.006">
    <system-err><![CDATA[[main] INFO spectra.interfaces.Spectra - Revealing spectrum  for band DEMO
[main] INFO morphos.test.MorphosSpectrum - Actual column id type BIGINT. Trying to validate over [BIGINT]
[main] INFO morphos.test.MorphosSpectrum - Actual column small_id type SMALLINT. Trying to validate over [SMALLINT]
[main] INFO morphos.test.MorphosSpectrum - Actual column regular_id type INTEGER. Trying to validate over [INTEGER]
[main] INFO morphos.test.MorphosSpectrum - Actual column notes type NCHAR. Trying to validate over [NCHAR, CHAR]
[main] INFO morphos.test.MorphosSpectrum - Actual column code type NVARCHAR. Trying to validate over [NVARCHAR, VARCHAR]
[main] INFO morphos.test.MorphosSpectrum - Actual column amount type DECIMAL. Trying to validate over [NUMERIC, DECIMAL]
[main] INFO morphos.test.MorphosSpectrum - Actual column price type DECIMAL. Trying to validate over [DECIMAL, NUMERIC, DOUBLE]
[main] INFO morphos.test.MorphosSpectrum - Actual column ratio type REAL. Trying to validate over [REAL]
[main] INFO morphos.test.MorphosSpectrum - Actual column precision_value type DOUBLE. Trying to validate over [DOUBLE]
[main] INFO morphos.test.MorphosSpectrum - Actual column active type BIT. Trying to validate over [BIT, BOOLEAN]
[main] INFO morphos.test.MorphosSpectrum - Actual column bitmask type BINARY. Trying to validate over [BIT, BINARY]
[main] INFO morphos.test.MorphosSpectrum - Actual column binary_data type VARBINARY. Trying to validate over [BLOB, LONGVARBINARY, BINARY, VARBINARY]
[main] INFO morphos.test.MorphosSpectrum - Actual column created_at type TIMESTAMP. Trying to validate over [TIMESTAMP]
[main] INFO morphos.test.MorphosSpectrum - Actual column updated_at type TIMESTAMP. Trying to validate over [TIMESTAMP_WITH_TIMEZONE, TIMESTAMP]
[main] INFO morphos.test.MorphosSpectrum - Actual column birth_date type DATE. Trying to validate over [DATE]
[main] INFO morphos.test.MorphosSpectrum - Actual column wake_time type TIME. Trying to validate over [TIME]
[main] INFO morphos.test.MorphosSpectrum - Actual column wake_time_tz type TIMESTAMP. Trying to validate over [TIME_WITH_TIMEZONE, TIME, TIMESTAMP]
[main] INFO morphos.test.MorphosSpectrum - Actual column interval_field type NVARCHAR. Trying to validate over [INTERVAL, NVARCHAR, VARCHAR]
[main] INFO morphos.test.MorphosSpectrum - Actual column user_uuid type CHAR. Trying to validate over [UUID, CHAR]
[main] INFO morphos.test.MorphosSpectrum - Actual column metadata type NVARCHAR. Trying to validate over [JSON, LONGVARCHAR, NVARCHAR]
[main] INFO morphos.test.MorphosSpectrum - Actual column preferences type NVARCHAR. Trying to validate over [JSON, LONGVARCHAR, NVARCHAR]
[main] INFO morphos.test.MorphosSpectrum - Actual column tags type NVARCHAR. Trying to validate over [ARRAY, LONGVARCHAR, NVARCHAR]
[main] INFO morphos.test.MorphosSpectrum - Actual column ip_address type NVARCHAR. Trying to validate over [INET, NVARCHAR, VARCHAR]
[main] INFO morphos.test.MorphosSpectrum - Actual column network_range type NVARCHAR. Trying to validate over [CIDR, NVARCHAR, VARCHAR]
[main] INFO morphos.test.MorphosSpectrum - Actual column mac_address type NVARCHAR. Trying to validate over [MACADDR, NVARCHAR, VARCHAR]
[main] INFO morphos.test.MorphosSpectrum - Actual column xml_data type LONG_NVARCHAR. Trying to validate over [XML, LONGVARCHAR, LONG_NVARCHAR]
[main] INFO morphos.test.MorphosSpectrum - Actual column status type NVARCHAR. Trying to validate over [ENUM, CHAR, NVARCHAR, VARCHAR]
[main] INFO morphos.test.MorphosSpectrum - Actual column score type INTEGER. Trying to validate over [INTEGER]
[main] INFO morphos.test.MorphosSpectrum - Actual column country_code type NCHAR. Trying to validate over [NCHAR, CHAR]
]]></system-err>
  </testcase>
</testsuite>